18:38:28 15 May 2024 UTC: INFO: BaseLog.py(120): Process id = 1128039
18:38:28 15 May 2024 UTC: WARNING: BaseLog.py(123): Config file /home/jails/uwssc/gliderjail/home/sg195/sg195.conf was not found
18:38:28 15 May 2024 UTC: INFO: Utils.py(1011): Basestation version: 3.0.2; QC version: 1.12
18:38:28 15 May 2024 UTC: INFO: Utils.py(1017): Python version 3.10.10
18:38:28 15 May 2024 UTC: INFO: Utils.py(1031): Numpy version 1.25.0
18:38:28 15 May 2024 UTC: INFO: Utils.py(1046): Scipy version 1.10.1
18:38:28 15 May 2024 UTC: INFO: Utils.py(1066): seawater version 3.3.4
18:38:28 15 May 2024 UTC: INFO: Base.py(1479): Invoked with command line [/usr/local/basestation3/Base.py --mission_dir /home/jails/uwssc/gliderjail/home/sg195 --verbose --make_mission_timeseries --daemon --nice 10 --base_log /home/jails/uwssc/gliderjail/home/sg195/baselog_240515183827 --web_file_location=http://iop.apl.washington.edu/seaglider/sg195/current/data --reply_addr=gbs2@uw.edu --config /home/jails/uwssc/gliderjail/home/sg195/sg195.conf --delete_upload_files ]
18:38:28 15 May 2024 UTC: INFO: Base.py(1481): PID:1128065
18:38:28 15 May 2024 UTC: WARNING: CalibConst.py(120): volmax value ignored. v3 Flight Model does not use this value. Add '% FM_ignore' to sg_calib_constants.m to suppress this warning. (Max message count exceeded)
18:38:28 15 May 2024 UTC: WARNING: CalibConst.py(120): rho0 value ignored. v3 Flight Model does not use this value. Add '% FM_ignore' to sg_calib_constants.m to suppress this warning. (Max message count exceeded)
18:38:28 15 May 2024 UTC: WARNING: CalibConst.py(120): hd_a value ignored. v3 Flight Model does not use this value. Add '% FM_ignore' to sg_calib_constants.m to suppress this warning. (Max message count exceeded)
18:38:28 15 May 2024 UTC: WARNING: CalibConst.py(120): hd_b value ignored. v3 Flight Model does not use this value. Add '% FM_ignore' to sg_calib_constants.m to suppress this warning. (Max message count exceeded)
18:38:28 15 May 2024 UTC: WARNING: CalibConst.py(120): hd_c value ignored. v3 Flight Model does not use this value. Add '% FM_ignore' to sg_calib_constants.m to suppress this warning. (Max message count exceeded)
18:38:28 15 May 2024 UTC: WARNING: CalibConst.py(120): abs_compress value ignored. v3 Flight Model does not use this value. Add '% FM_ignore' to sg_calib_constants.m to suppress this warning. (Max message count exceeded)
18:38:28 15 May 2024 UTC: WARNING: CalibConst.py(120): therm_expan value ignored. v3 Flight Model does not use this value. Add '% FM_ignore' to sg_calib_constants.m to suppress this warning. (Max message count exceeded)
18:38:28 15 May 2024 UTC: WARNING: CalibConst.py(120): temp_ref value ignored. v3 Flight Model does not use this value. Add '% FM_ignore' to sg_calib_constants.m to suppress this warning. (Max message count exceeded)
18:38:29 15 May 2024 UTC: INFO: Base.py(1529): Started processing 18:38:29 15 May 2024 GMT
18:38:29 15 May 2024 UTC: INFO: Base.py(1572): Instrument ID = 195
18:38:29 15 May 2024 UTC: INFO: BaseDotFiles.py(401): Starting processing on /usr/local/basestation3/etc/.pagers for  lategps recov critical drift
18:38:29 15 May 2024 UTC: INFO: BaseDotFiles.py(409): Processing .pagers line (https://sahale.apl.washington.edu/mattermost/hooks/sg1i1w4wpibg9m8s77e19st14w,slack,gpsddmm)
18:38:29 15 May 2024 UTC: INFO: BaseDotFiles.py(414): Using sending function slack
18:38:29 15 May 2024 UTC: INFO: BaseDotFiles.py(409): Processing .pagers line (https://sahale.apl.washington.edu/mattermost/hooks/71kp13t63ifummqbhxzniw18go,slack,alerts)
18:38:29 15 May 2024 UTC: INFO: BaseDotFiles.py(414): Using sending function slack
18:38:29 15 May 2024 UTC: INFO: BaseDotFiles.py(409): Processing .pagers line (https://sahale.apl.washington.edu/mattermost/hooks/5t1u7ab147dstbh5iq79h48spy,slack,critical)
18:38:29 15 May 2024 UTC: INFO: BaseDotFiles.py(414): Using sending function slack
18:38:29 15 May 2024 UTC: INFO: CommLog.py(113): prefix:dive:3 calls_made:1 call_cycle:0 
18:38:29 15 May 2024 UTC: INFO: BaseDotFiles.py(672): Finished processing on /usr/local/basestation3/etc/.pagers
18:38:29 15 May 2024 UTC: INFO: BaseDotFiles.py(401): Starting processing on /home/jails/uwssc/gliderjail/home/sg195/.pagers for  lategps recov critical drift
18:38:29 15 May 2024 UTC: INFO: BaseDotFiles.py(409): Processing .pagers line (7247147343@vtext.com,gps,alerts,recov)
18:38:29 15 May 2024 UTC: INFO: CommLog.py(113): prefix:dive:3 calls_made:1 call_cycle:0 
18:38:29 15 May 2024 UTC: INFO: BaseDotFiles.py(672): Finished processing on /home/jails/uwssc/gliderjail/home/sg195/.pagers
18:38:29 15 May 2024 UTC: INFO: BaseCtrlFiles.py(262): No ctrl file /usr/local/basestation3/etc/pagers.yml found - skipping
18:38:29 15 May 2024 UTC: INFO: BaseCtrlFiles.py(262): No ctrl file /home/jails/uwssc/gliderjail/home/sg195/pagers.yml found - skipping
18:38:29 15 May 2024 UTC: INFO: Base.py(1635): Processing comm_merged.log
18:38:29 15 May 2024 UTC: INFO: Base.py(1664): Finished processing comm_merged.log
18:38:29 15 May 2024 UTC: INFO: Base.py(1784): Processing seaglider selftests
18:38:29 15 May 2024 UTC: INFO: Base.py(1820): No new selftests to processed
18:38:29 15 May 2024 UTC: INFO: Base.py(1822): Processing pdoscmd.bat logs
18:38:29 15 May 2024 UTC: INFO: Base.py(1841): No pdos logfiles found to process
18:38:29 15 May 2024 UTC: INFO: Base.py(1848): Processing dive(s)
18:38:29 15 May 2024 UTC: INFO: Base.py(536): Processing /home/jails/uwssc/gliderjail/home/sg195/sg0003lz
18:38:29 15 May 2024 UTC: INFO: Base.py(1048): Checking fragment /home/jails/uwssc/gliderjail/home/sg195/sg0003lz.1a.x00
18:38:29 15 May 2024 UTC: INFO: Base.py(706): Processing /home/jails/uwssc/gliderjail/home/sg195/sg0003lz.r in process_file_group
18:38:29 15 May 2024 UTC: INFO: Base.py(861): Removing secrets from /home/jails/uwssc/gliderjail/home/sg195/p1950003.log
18:38:29 15 May 2024 UTC: INFO: Base.py(536): Processing /home/jails/uwssc/gliderjail/home/sg195/sg0003dz
18:38:29 15 May 2024 UTC: INFO: Base.py(1048): Checking fragment /home/jails/uwssc/gliderjail/home/sg195/sg0003dz.1a.x00
18:38:29 15 May 2024 UTC: INFO: Base.py(1048): Checking fragment /home/jails/uwssc/gliderjail/home/sg195/sg0003dz.1a.x01
18:38:29 15 May 2024 UTC: INFO: Base.py(706): Processing /home/jails/uwssc/gliderjail/home/sg195/sg0003dz.r in process_file_group
18:38:29 15 May 2024 UTC: WARNING: DataFiles.py(265): No handler found for columns ['wlbb2fl.sig470nm', 'wlbb2fl.sig700nm', 'wlbb2fl.sig695nm'] - using default handler
18:38:29 15 May 2024 UTC: INFO: Base.py(536): Processing /home/jails/uwssc/gliderjail/home/sg195/sg0003kz
18:38:29 15 May 2024 UTC: INFO: Base.py(1048): Checking fragment /home/jails/uwssc/gliderjail/home/sg195/sg0003kz.1a.x00
18:38:29 15 May 2024 UTC: INFO: Base.py(1048): Checking fragment /home/jails/uwssc/gliderjail/home/sg195/sg0003kz.1a.x01
18:38:29 15 May 2024 UTC: INFO: Base.py(1048): Checking fragment /home/jails/uwssc/gliderjail/home/sg195/sg0003kz.1a.x02
18:38:29 15 May 2024 UTC: INFO: Base.py(1048): Checking fragment /home/jails/uwssc/gliderjail/home/sg195/sg0003kz.1a.x03
18:38:29 15 May 2024 UTC: INFO: Base.py(706): Processing /home/jails/uwssc/gliderjail/home/sg195/sg0003kz.r in process_file_group
18:38:29 15 May 2024 UTC: INFO: Base.py(1881): Processed dive(s) [3]
18:38:29 15 May 2024 UTC: INFO: Base.py(1957): Dives to process = [3]
18:38:29 15 May 2024 UTC: INFO: Base.py(1986): Processing (/home/jails/uwssc/gliderjail/home/sg195/p1950003) for profiles
18:38:29 15 May 2024 UTC: INFO: MakeDiveProfiles.py(1624): Loading data from original files
18:38:29 15 May 2024 UTC: INFO: FlightModel.py(844): Updating FM parameters using per-dive estimations for dive 2 (1.00,1.00)
18:38:29 15 May 2024 UTC: INFO: MakeDiveProfiles.py(2593): FM: volmax=53235.7
18:38:29 15 May 2024 UTC: INFO: MakeDiveProfiles.py(2593): FM: vbdbias=155.958
18:38:29 15 May 2024 UTC: INFO: MakeDiveProfiles.py(2593): FM: hd_a=0.00354813
18:38:29 15 May 2024 UTC: INFO: MakeDiveProfiles.py(2593): FM: hd_b=0.0112202
18:38:29 15 May 2024 UTC: INFO: MakeDiveProfiles.py(2593): FM: hd_c=5.7e-06
18:38:29 15 May 2024 UTC: INFO: MakeDiveProfiles.py(2593): FM: hd_s=-0.25
18:38:29 15 May 2024 UTC: INFO: MakeDiveProfiles.py(2593): FM: abs_compress=2.256e-06
18:38:29 15 May 2024 UTC: INFO: MakeDiveProfiles.py(2593): FM: therm_expan=7.05e-05
18:38:29 15 May 2024 UTC: INFO: MakeDiveProfiles.py(2593): FM: temp_ref=15
18:38:29 15 May 2024 UTC: INFO: MakeDiveProfiles.py(2593): FM: glider_length=1.8
18:38:29 15 May 2024 UTC: INFO: MakeDiveProfiles.py(2593): FM: rho0=1027.5
18:38:29 15 May 2024 UTC: INFO: MakeDiveProfiles.py(2613): auxcompass data not present, auxPressure data not present
18:38:29 15 May 2024 UTC: INFO: MakeDiveProfiles.py(2771): Not using auxcompass Not using auxPressure
18:38:29 15 May 2024 UTC: INFO: MakeDiveProfiles.py(2846): Directive: correct_thermal_inertia_effects
18:38:29 15 May 2024 UTC: INFO: MakeDiveProfiles.py(2846): Directive: detect_conductivity_anomalies
18:38:29 15 May 2024 UTC: INFO: MakeDiveProfiles.py(2846): Directive: no_interp_gc_temperatures
18:38:29 15 May 2024 UTC: INFO: MakeDiveProfiles.py(2846): Directive: no_interp_suspect_thermal_inertia_salinities
18:38:29 15 May 2024 UTC: INFO: MakeDiveProfiles.py(2846): Directive: detect_vbd_bleed
18:38:29 15 May 2024 UTC: INFO: MakeDiveProfiles.py(2846): Directive: detect_slow_apogee_flow
18:38:29 15 May 2024 UTC: INFO: MakeDiveProfiles.py(3741): ct_type:gun-style Seabird unpumped CTD
18:38:29 15 May 2024 UTC: INFO: QC.py(517): Changed (12/259) 3 4 6 8:10 13 14 16 18 19 257 to QC_PROBABLY_BAD because raw temperature spikes
18:38:29 15 May 2024 UTC: INFO: QC.py(599): Changed (6/259) 2 8:12 to QC_PROBABLY_BAD because raw conductivity spikes
18:38:29 15 May 2024 UTC: INFO: MakeDiveProfiles.py(4915): Changed (1/259) 259 to QC_BAD because uncorrectable 0.0m raw conductivity bubble on climb
18:38:29 15 May 2024 UTC: INFO: QC.py(254): Changed (12/259) 3 4 6 8:10 13 14 16 18 19 257 to QC_PROBABLY_BAD because changed raw temp implies changed raw salinity
18:38:29 15 May 2024 UTC: INFO: QC.py(254): Changed (3/259) 2 11 12 to QC_PROBABLY_BAD because changed raw cond implies changed raw salinity
18:38:29 15 May 2024 UTC: INFO: QC.py(254): Changed (1/259) 259 to QC_BAD because changed raw cond implies changed raw salinity
18:38:29 15 May 2024 UTC: INFO: QC.py(517): Changed (12/259) 3 4 6 8:10 13 14 16 18 19 257 to QC_INTERPOLATED because temperature spikes
18:38:29 15 May 2024 UTC: INFO: QC.py(599): Changed (6/259) 2 8:12 to QC_INTERPOLATED because conductivity spikes
18:38:29 15 May 2024 UTC: INFO: MakeDiveProfiles.py(4971): Changed (1/259) 259 to QC_BAD because uncorrectable 0.0m conductivity bubble on climb
18:38:29 15 May 2024 UTC: WARNING: MakeDiveProfiles.py(5062): Mass of vehicle in sg_calib_constants (53692.0) does not match $MASS in log file (53765.0); using sg_calib_constants
18:38:29 15 May 2024 UTC: INFO: MakeDiveProfiles.py(5162): Changed (40/259) 111:150 to QC_BAD because slow apogee CT flow
18:38:29 15 May 2024 UTC: INFO: MakeDiveProfiles.py(5351): Changed (30/259) 1:30 to QC_BAD because during VBD bleed
18:38:29 15 May 2024 UTC: INFO: MakeDiveProfiles.py(5475): Changed (1/259) 258 to QC_BAD because end of climb
18:38:29 15 May 2024 UTC: INFO: MakeDiveProfiles.py(5539): Changed (72/259) 1:30 111:150 258 259 to QC_BAD because bad corrected temperature and conductivity suggests bad salinity
18:38:29 15 May 2024 UTC: INFO: MakeDiveProfiles.py(5704): Using 1-mode thermal-inertia correction.
18:38:29 15 May 2024 UTC: INFO: QC.py(254): Changed (72/259) 1:30 111:150 258 259 to QC_BAD because changed corrected salin implies changed speed
18:38:29 15 May 2024 UTC: INFO: TempSalinityVelocity.py(1081): 0: max temp_c diff: 0.02C TI time: 0.006s loop: 0.006s
18:38:29 15 May 2024 UTC: INFO: TempSalinityVelocity.py(1081): 1: max temp_c diff: 0.02C TI time: 0.006s loop: 0.006s
18:38:29 15 May 2024 UTC: INFO: TempSalinityVelocity.py(1505): TSV exiting after 1 iterations
18:38:29 15 May 2024 UTC: INFO: TempSalinityVelocity.py(1507): max_temp_c_diff = 0.02C
18:38:29 15 May 2024 UTC: INFO: TempSalinityVelocity.py(1555): Changed (1/259) 257 to QC_PROBABLY_BAD because TS bad extrapolation
18:38:29 15 May 2024 UTC: INFO: MakeDiveProfiles.py(6188): 0 (0.00%) HDM speeds are QC_BAD; 0 (0.00%) are stalled (259)
18:38:29 15 May 2024 UTC: INFO: QC.py(254): Changed (1/259) 257 to QC_INTERPOLATED because changed corrected temp implies changed speed
18:38:29 15 May 2024 UTC: INFO: MakeDiveProfiles.py(6398): Estimated total flight and drift time: 2452.5s (SM: 195.7s)
18:38:29 15 May 2024 UTC: WARNING: MakeDiveProfiles.py(6429): Substantial unmodeled flight time (31.2% of total time); DAC is bad.
18:38:29 15 May 2024 UTC: INFO: MakeDiveProfiles.py(6684): Computing QC_BAD depth-average current.
18:38:29 15 May 2024 UTC: INFO: MakeDiveProfiles.py(6765): DAC east: 0.01 cm/s DAC north: -0.88 cm/s
18:38:29 15 May 2024 UTC: INFO: MakeDiveProfiles.py(6896): Starting sensor extensions data processing
18:38:29 15 May 2024 UTC: INFO: QC.py(254): Changed (12/259) 3 4 6 8:10 13 14 16 18 19 257 to QC_INTERPOLATED because changed temperature implies changed aa4330 oxygen
18:38:29 15 May 2024 UTC: INFO: QC.py(254): Changed (1/259) 257 to QC_PROBABLY_BAD because changed salinity implies changed aa4330 oxygen
18:38:29 15 May 2024 UTC: INFO: QC.py(254): Changed (72/259) 1:30 111:150 258 259 to QC_BAD because changed salinity implies changed aa4330 oxygen
18:38:29 15 May 2024 UTC: INFO: MakeDiveProfiles.py(6900): Finished sensor extensions data processing
18:38:29 15 May 2024 UTC: INFO: BaseNetCDF.py(368): /usr/local/basestation3/etc/NODC.yml does not exist - skipping
18:38:31 15 May 2024 UTC: INFO: BaseNetCDF.py(368): /usr/local/basestation3/etc/NODC.yml does not exist - skipping
18:38:31 15 May 2024 UTC: INFO: BaseDotFiles.py(1556): No .extensions file /usr/local/basestation3/etc/.extensions found
18:38:31 15 May 2024 UTC: INFO: BaseDotFiles.py(1474): Starting processing on .extensions section(s):('postnetcdf',)
18:38:31 15 May 2024 UTC: INFO: BaseDotFiles.py(1542): Finished processing on .extensions
18:38:31 15 May 2024 UTC: INFO: Base.py(2072): Backing up /home/jails/uwssc/gliderjail/home/sg195/cmdfile to /home/jails/uwssc/gliderjail/home/sg195/cmdfile.3.0
18:38:31 15 May 2024 UTC: INFO: BaseDB.py(1346): logParameterChanges db opened
18:38:31 15 May 2024 UTC: INFO: BaseDB.py(1006): version not set, checking table existence
18:38:31 15 May 2024 UTC: INFO: BaseDB.py(1017): stepping DB schema from 0 to 1
18:38:31 15 May 2024 UTC: ERROR: could not check schema:
Traceback (most recent call last):
  File "/usr/local/basestation3/BaseDB.py", line 1023, in checkSchema
    mycon.cursor().execute(f"ALTER TABLE calls ADD COLUMN sms INTEGER;")
sqlite3.OperationalError: no such table: calls

18:38:31 15 May 2024 UTC: INFO: BaseDB.py(1384): logParameterChanges db closed
18:38:31 15 May 2024 UTC: INFO: Utils.py(1011): Basestation version: 3.0.2; QC version: 1.12
18:38:31 15 May 2024 UTC: INFO: Utils.py(1017): Python version 3.10.10
18:38:31 15 May 2024 UTC: INFO: Utils.py(1031): Numpy version 1.25.0
18:38:31 15 May 2024 UTC: INFO: Utils.py(1046): Scipy version 1.10.1
18:38:31 15 May 2024 UTC: INFO: Utils.py(1066): seawater version 3.3.4
18:38:31 15 May 2024 UTC: INFO: FlightModel.py(3712): Exit is False
18:38:31 15 May 2024 UTC: INFO: FlightModel.py(2297): Started FM cycle 3
18:38:31 15 May 2024 UTC: INFO: FlightModel.py(2356): New dive 3 restarting from dive 2 (0.00354813,0.0112202)
18:38:31 15 May 2024 UTC: INFO: FlightModel.py(2427): dives_to_update:[3]
18:38:32 15 May 2024 UTC: INFO: FlightModel.py(2609): Early bias dives so far [2, 3]
18:38:32 15 May 2024 UTC: INFO: FlightModel.py(2611): <Dive 3 pitch_d: 11.0 p: 91.8dbar vbias: 158.2cc (156.0cc) abs_compress=3.20928e-06 RMS=1.4515cm/s>
18:38:33 15 May 2024 UTC: INFO: FlightModel.py(3534):  Reprocess dive 3: (False, False, False, False, True)
18:38:33 15 May 2024 UTC: INFO: FlightModel.py(3535):   v: 2.28 [158.23 155.96] ac: 0.423 [3.20928e-06 2.256e-06]
18:38:33 15 May 2024 UTC: INFO: FlightModel.py(3581): Reprocess dives: [3]
18:38:37 15 May 2024 UTC: INFO: FlightModel.py(3608): Back from Reprocess.py - see /home/jails/uwssc/gliderjail/home/sg195/flight/Reprocess_0003_1715798313.log for details
18:38:37 15 May 2024 UTC: INFO: FlightModel.py(3621): Dive 3 sucesfully processed
18:38:37 15 May 2024 UTC: INFO: FlightModel.py(2427): dives_to_update:[3]
18:38:37 15 May 2024 UTC: INFO: FlightModel.py(2609): Early bias dives so far [2, 3]
18:38:37 15 May 2024 UTC: INFO: FlightModel.py(2611): <Dive 3 pitch_d: 11.0 p: 91.8dbar vbias: 158.2cc (158.2cc) abs_compress=3.20928e-06 RMS=1.4515cm/s>
18:38:38 15 May 2024 UTC: INFO: Base.py(2196): FM files updated ['/home/jails/uwssc/gliderjail/home/sg195/p1950003.nc']
18:38:38 15 May 2024 UTC: INFO: Base.py(1363): Extension script /home/jails/uwssc/gliderjail/home/sg195/.post_dive not found
18:38:38 15 May 2024 UTC: INFO: Base.py(2221): Starting netcdf load to db
18:38:38 15 May 2024 UTC: INFO: BaseDB.py(1090): loadDB db opened
18:38:38 15 May 2024 UTC: INFO: BaseDB.py(1006): version not set, checking table existence
18:38:38 15 May 2024 UTC: INFO: BaseDB.py(1017): stepping DB schema from 0 to 1
18:38:38 15 May 2024 UTC: ERROR: could not check schema:
Traceback (most recent call last):
  File "/usr/local/basestation3/BaseDB.py", line 1023, in checkSchema
    mycon.cursor().execute(f"ALTER TABLE calls ADD COLUMN sms INTEGER;")
sqlite3.OperationalError: no such table: calls

18:38:38 15 May 2024 UTC: ERROR: Failed to add /home/jails/uwssc/gliderjail/home/sg195/p1950003.nc to mission sqlite db:
Traceback (most recent call last):
  File "/usr/local/basestation3/Base.py", line 2230, in main
    BaseDB.loadDB(base_opts, ncf, run_dive_plots=False)
  File "/usr/local/basestation3/BaseDB.py", line 1100, in loadDB
    loadFileToDB(base_opts, cur, filename, con, run_dive_plots=run_dive_plots)
  File "/usr/local/basestation3/BaseDB.py", line 286, in loadFileToDB
    cur.execute(f"DELETE FROM dives WHERE dive={dive};")
sqlite3.OperationalError: no such table: dives

18:38:38 15 May 2024 UTC: INFO: BaseDB.py(1090): loadDB db opened
18:38:38 15 May 2024 UTC: INFO: BaseDB.py(1006): version not set, checking table existence
18:38:38 15 May 2024 UTC: INFO: BaseDB.py(1017): stepping DB schema from 0 to 1
18:38:38 15 May 2024 UTC: ERROR: could not check schema:
Traceback (most recent call last):
  File "/usr/local/basestation3/BaseDB.py", line 1023, in checkSchema
    mycon.cursor().execute(f"ALTER TABLE calls ADD COLUMN sms INTEGER;")
sqlite3.OperationalError: no such table: calls

18:38:38 15 May 2024 UTC: ERROR: Failed to add /home/jails/uwssc/gliderjail/home/sg195/p1950003.nc to mission sqlite db:
Traceback (most recent call last):
  File "/usr/local/basestation3/Base.py", line 2230, in main
    BaseDB.loadDB(base_opts, ncf, run_dive_plots=False)
  File "/usr/local/basestation3/BaseDB.py", line 1100, in loadDB
    loadFileToDB(base_opts, cur, filename, con, run_dive_plots=run_dive_plots)
  File "/usr/local/basestation3/BaseDB.py", line 286, in loadFileToDB
    cur.execute(f"DELETE FROM dives WHERE dive={dive};")
sqlite3.OperationalError: no such table: dives

18:38:38 15 May 2024 UTC: INFO: Base.py(2233): netcdf load to db done
18:38:38 15 May 2024 UTC: INFO: Base.py(2247): Starting per-dive plots
18:38:38 15 May 2024 UTC: INFO: BasePlot.py(96): plot_dives db opened
18:38:38 15 May 2024 UTC: INFO: BasePlot.py(101): Plotting /home/jails/uwssc/gliderjail/home/sg195/p1950003.nc
18:38:44 15 May 2024 UTC: WARNING: QC.py(1344): Unclassified qc_str changed temperature implies changed aa4330 oxygen
18:38:44 15 May 2024 UTC: WARNING: QC.py(1344): Unclassified qc_str changed salinity implies changed aa4330 oxygen
18:38:44 15 May 2024 UTC: WARNING: QC.py(1344): Unclassified qc_str changed salinity implies changed aa4330 oxygen
18:38:44 15 May 2024 UTC: WARNING: QC.py(1344): Unclassified qc_str changed temperature implies changed aa4330 oxygen
18:38:44 15 May 2024 UTC: WARNING: QC.py(1344): Unclassified qc_str changed salinity implies changed aa4330 oxygen
18:38:44 15 May 2024 UTC: WARNING: QC.py(1344): Unclassified qc_str changed salinity implies changed aa4330 oxygen
18:38:45 15 May 2024 UTC: INFO: DiveVertVelocity.py(253): Starting dive_vert_vel
18:38:45 15 May 2024 UTC: INFO: DiveVertVelocity.py(408): Basestation: hd_a:0.003548 hd_b:0.011220 hd_c:0.000006 mass:53.692 rho:1027.5
18:38:45 15 May 2024 UTC: INFO: DiveVertVelocity.py(418): LogFile: hd_a:0.003800 hd_b:0.010000 hd_c:0.000010 mass:53.765 rho:1023.0
18:38:45 15 May 2024 UTC: INFO: DiveVertVelocity.py(441): Using: hd_a:0.003548 hd_b:0.011220 hd_c:0.000006 mass:53.692 rho:1023.0
18:38:45 15 May 2024 UTC: INFO: DiveVertVelocity.py(571): Search from -450.0 cc to 500.0 cc
18:38:45 15 May 2024 UTC: INFO: DiveVertVelocity.py(574): vol range min:52247.89, max:53090.74, mean:52602.81
18:38:45 15 May 2024 UTC: INFO: DiveVertVelocity.py(617): Bias HDM 0 CC:-450.0 vert_v:-9.51
18:38:45 15 May 2024 UTC: INFO: DiveVertVelocity.py(617): Bias HDM 1 CC:500.0 vert_v:9.61
18:38:45 15 May 2024 UTC: INFO: DiveVertVelocity.py(617): Bias HDM 2 CC:0.0 vert_v:-2.02
18:38:45 15 May 2024 UTC: INFO: DiveVertVelocity.py(617): Bias HDM 3 CC:250.0 vert_v:4.68
18:38:45 15 May 2024 UTC: INFO: DiveVertVelocity.py(617): Bias HDM 4 CC:125.0 vert_v:1.24
18:38:45 15 May 2024 UTC: INFO: DiveVertVelocity.py(617): Bias HDM 5 CC:62.5 vert_v:-0.43
18:38:45 15 May 2024 UTC: INFO: DiveVertVelocity.py(617): Bias HDM 6 CC:93.8 vert_v:0.40
18:38:45 15 May 2024 UTC: INFO: DiveVertVelocity.py(617): Bias HDM 7 CC:78.1 vert_v:-0.01
18:38:45 15 May 2024 UTC: INFO: DiveVertVelocity.py(617): Bias HDM 8 CC:85.9 vert_v:0.19
18:38:45 15 May 2024 UTC: INFO: DiveVertVelocity.py(617): Bias HDM 9 CC:82.0 vert_v:0.09
18:38:45 15 May 2024 UTC: INFO: DiveVertVelocity.py(617): Bias HDM 10 CC:80.1 vert_v:0.04
18:38:45 15 May 2024 UTC: INFO: DiveVertVelocity.py(617): Bias HDM 11 CC:79.1 vert_v:0.02
18:38:45 15 May 2024 UTC: INFO: DiveVertVelocity.py(657): implied_cvbd 2680, implied_volmax 53019.5, implied_max_smcc 534.6, implied_max_maxbuoy -321.3
18:38:45 15 May 2024 UTC: INFO: DiveVertVelocity.py(660): min SM_CC 203.6 based on density 1.02196 at 0.94m and 150cc to raise the antenna
18:38:45 15 May 2024 UTC: ERROR: Error inserting column implied_C_VBD - skipping:
Traceback (most recent call last):
  File "/usr/local/basestation3/BaseDB.py", line 120, in addColumn
    cur.execute(f"ALTER TABLE dives ADD COLUMN {col} {db_type};")
sqlite3.OperationalError: no such table: dives

18:38:45 15 May 2024 UTC: ERROR: Error inserting column implied_volmax - skipping:
Traceback (most recent call last):
  File "/usr/local/basestation3/BaseDB.py", line 120, in addColumn
    cur.execute(f"ALTER TABLE dives ADD COLUMN {col} {db_type};")
sqlite3.OperationalError: no such table: dives

18:38:45 15 May 2024 UTC: ERROR: Error inserting column implied_C_VBD_GSM - skipping:
Traceback (most recent call last):
  File "/usr/local/basestation3/BaseDB.py", line 120, in addColumn
    cur.execute(f"ALTER TABLE dives ADD COLUMN {col} {db_type};")
sqlite3.OperationalError: no such table: dives

18:38:45 15 May 2024 UTC: ERROR: Error inserting column implied_volmax_GSM - skipping:
Traceback (most recent call last):
  File "/usr/local/basestation3/BaseDB.py", line 120, in addColumn
    cur.execute(f"ALTER TABLE dives ADD COLUMN {col} {db_type};")
sqlite3.OperationalError: no such table: dives

18:38:45 15 May 2024 UTC: ERROR: Error inserting column implied_max_MAX_BUOY - skipping:
Traceback (most recent call last):
  File "/usr/local/basestation3/BaseDB.py", line 120, in addColumn
    cur.execute(f"ALTER TABLE dives ADD COLUMN {col} {db_type};")
sqlite3.OperationalError: no such table: dives

18:38:45 15 May 2024 UTC: ERROR: Error inserting column implied_max_SM_CC - skipping:
Traceback (most recent call last):
  File "/usr/local/basestation3/BaseDB.py", line 120, in addColumn
    cur.execute(f"ALTER TABLE dives ADD COLUMN {col} {db_type};")
sqlite3.OperationalError: no such table: dives

18:38:45 15 May 2024 UTC: ERROR: Error inserting column min_SM_CC - skipping:
Traceback (most recent call last):
  File "/usr/local/basestation3/BaseDB.py", line 120, in addColumn
    cur.execute(f"ALTER TABLE dives ADD COLUMN {col} {db_type};")
sqlite3.OperationalError: no such table: dives

18:38:45 15 May 2024 UTC: ERROR: BaseDB.py(1222): Execution failed on sql 'SELECT dive, FROM dives WHERE dive <= 3 ORDER BY dive DESC LIMIT 10': near "FROM": syntax error could not fetch ['implied_volmax', 'implied_C_VBD'] for slope calculation
18:38:46 15 May 2024 UTC: INFO: DivePitchRoll.py(84): Starting dive_pitch_roll
18:38:46 15 May 2024 UTC: INFO: DivePitchRoll.py(272): implied_cpitch 2964.421211334713, implied_pitchgain 16.326626229489325
18:38:46 15 May 2024 UTC: ERROR: Error inserting column implied_C_PITCH - skipping:
Traceback (most recent call last):
  File "/usr/local/basestation3/BaseDB.py", line 120, in addColumn
    cur.execute(f"ALTER TABLE dives ADD COLUMN {col} {db_type};")
sqlite3.OperationalError: no such table: dives

18:38:46 15 May 2024 UTC: ERROR: Error inserting column implied_PITCH_GAIN - skipping:
Traceback (most recent call last):
  File "/usr/local/basestation3/BaseDB.py", line 120, in addColumn
    cur.execute(f"ALTER TABLE dives ADD COLUMN {col} {db_type};")
sqlite3.OperationalError: no such table: dives

18:38:46 15 May 2024 UTC: ERROR: BaseDB.py(1222): Execution failed on sql 'SELECT dive, FROM dives WHERE dive <= 3 ORDER BY dive DESC LIMIT 10': near "FROM": syntax error could not fetch ['implied_C_PITCH'] for slope calculation
18:38:46 15 May 2024 UTC: INFO: DivePitchRoll.py(475): c_roll_dive 2097.955282212159, c_roll_climb 2095.737532373081
18:38:46 15 May 2024 UTC: ERROR: Error inserting column implied_roll_C_ROLL_DIVE - skipping:
Traceback (most recent call last):
  File "/usr/local/basestation3/BaseDB.py", line 120, in addColumn
    cur.execute(f"ALTER TABLE dives ADD COLUMN {col} {db_type};")
sqlite3.OperationalError: no such table: dives

18:38:46 15 May 2024 UTC: ERROR: Error inserting column implied_roll_C_ROLL_CLIMB - skipping:
Traceback (most recent call last):
  File "/usr/local/basestation3/BaseDB.py", line 120, in addColumn
    cur.execute(f"ALTER TABLE dives ADD COLUMN {col} {db_type};")
sqlite3.OperationalError: no such table: dives

18:38:47 15 May 2024 UTC: INFO: Magcal.py(254): hard magcal PQR = [-11.21,54.94,53.96], converged=1, it=3
18:38:51 15 May 2024 UTC: INFO: Magcal.py(388): hard+soft magcal PQR = [285.05,76.76,-15.60], converged=1, it=11
18:38:51 15 May 2024 UTC: INFO: Magcal.py(394): hard+soft magcal abc = 1.000,-0.121,-0.770,0.090,1.102,-0.149,0.620,0.008,0.633
18:38:51 15 May 2024 UTC: INFO: Magcal.py(400): distrusting soft-iron, using hard-only solution with identity for soft
18:38:52 15 May 2024 UTC: INFO: BasePlot.py(101): Plotting /home/jails/uwssc/gliderjail/home/sg195/p1950003.nc
18:38:56 15 May 2024 UTC: WARNING: QC.py(1344): Unclassified qc_str changed temperature implies changed aa4330 oxygen
18:38:56 15 May 2024 UTC: WARNING: QC.py(1344): Unclassified qc_str changed salinity implies changed aa4330 oxygen
18:38:56 15 May 2024 UTC: WARNING: QC.py(1344): Unclassified qc_str changed salinity implies changed aa4330 oxygen
18:38:56 15 May 2024 UTC: WARNING: QC.py(1344): Unclassified qc_str changed temperature implies changed aa4330 oxygen
18:38:56 15 May 2024 UTC: WARNING: QC.py(1344): Unclassified qc_str changed salinity implies changed aa4330 oxygen
18:38:56 15 May 2024 UTC: WARNING: QC.py(1344): Unclassified qc_str changed salinity implies changed aa4330 oxygen
18:38:57 15 May 2024 UTC: INFO: DiveVertVelocity.py(253): Starting dive_vert_vel
18:38:57 15 May 2024 UTC: INFO: DiveVertVelocity.py(408): Basestation: hd_a:0.003548 hd_b:0.011220 hd_c:0.000006 mass:53.692 rho:1027.5
18:38:57 15 May 2024 UTC: INFO: DiveVertVelocity.py(418): LogFile: hd_a:0.003800 hd_b:0.010000 hd_c:0.000010 mass:53.765 rho:1023.0
18:38:57 15 May 2024 UTC: INFO: DiveVertVelocity.py(441): Using: hd_a:0.003548 hd_b:0.011220 hd_c:0.000006 mass:53.692 rho:1023.0
18:38:57 15 May 2024 UTC: INFO: DiveVertVelocity.py(571): Search from -450.0 cc to 500.0 cc
18:38:57 15 May 2024 UTC: INFO: DiveVertVelocity.py(574): vol range min:52247.89, max:53090.74, mean:52602.81
18:38:57 15 May 2024 UTC: INFO: DiveVertVelocity.py(617): Bias HDM 0 CC:-450.0 vert_v:-9.51
18:38:57 15 May 2024 UTC: INFO: DiveVertVelocity.py(617): Bias HDM 1 CC:500.0 vert_v:9.61
18:38:57 15 May 2024 UTC: INFO: DiveVertVelocity.py(617): Bias HDM 2 CC:0.0 vert_v:-2.02
18:38:57 15 May 2024 UTC: INFO: DiveVertVelocity.py(617): Bias HDM 3 CC:250.0 vert_v:4.68
18:38:57 15 May 2024 UTC: INFO: DiveVertVelocity.py(617): Bias HDM 4 CC:125.0 vert_v:1.24
18:38:57 15 May 2024 UTC: INFO: DiveVertVelocity.py(617): Bias HDM 5 CC:62.5 vert_v:-0.43
18:38:57 15 May 2024 UTC: INFO: DiveVertVelocity.py(617): Bias HDM 6 CC:93.8 vert_v:0.40
18:38:57 15 May 2024 UTC: INFO: DiveVertVelocity.py(617): Bias HDM 7 CC:78.1 vert_v:-0.01
18:38:57 15 May 2024 UTC: INFO: DiveVertVelocity.py(617): Bias HDM 8 CC:85.9 vert_v:0.19
18:38:57 15 May 2024 UTC: INFO: DiveVertVelocity.py(617): Bias HDM 9 CC:82.0 vert_v:0.09
18:38:57 15 May 2024 UTC: INFO: DiveVertVelocity.py(617): Bias HDM 10 CC:80.1 vert_v:0.04
18:38:57 15 May 2024 UTC: INFO: DiveVertVelocity.py(617): Bias HDM 11 CC:79.1 vert_v:0.02
18:38:57 15 May 2024 UTC: INFO: DiveVertVelocity.py(657): implied_cvbd 2680, implied_volmax 53019.5, implied_max_smcc 534.6, implied_max_maxbuoy -321.3
18:38:57 15 May 2024 UTC: INFO: DiveVertVelocity.py(660): min SM_CC 203.6 based on density 1.02196 at 0.94m and 150cc to raise the antenna
18:38:57 15 May 2024 UTC: ERROR: Error inserting column implied_C_VBD - skipping:
Traceback (most recent call last):
  File "/usr/local/basestation3/BaseDB.py", line 120, in addColumn
    cur.execute(f"ALTER TABLE dives ADD COLUMN {col} {db_type};")
sqlite3.OperationalError: no such table: dives

18:38:57 15 May 2024 UTC: ERROR: Error inserting column implied_volmax - skipping:
Traceback (most recent call last):
  File "/usr/local/basestation3/BaseDB.py", line 120, in addColumn
    cur.execute(f"ALTER TABLE dives ADD COLUMN {col} {db_type};")
sqlite3.OperationalError: no such table: dives

18:38:57 15 May 2024 UTC: ERROR: Error inserting column implied_C_VBD_GSM - skipping:
Traceback (most recent call last):
  File "/usr/local/basestation3/BaseDB.py", line 120, in addColumn
    cur.execute(f"ALTER TABLE dives ADD COLUMN {col} {db_type};")
sqlite3.OperationalError: no such table: dives

18:38:58 15 May 2024 UTC: ERROR: Error inserting column implied_volmax_GSM - skipping:
Traceback (most recent call last):
  File "/usr/local/basestation3/BaseDB.py", line 120, in addColumn
    cur.execute(f"ALTER TABLE dives ADD COLUMN {col} {db_type};")
sqlite3.OperationalError: no such table: dives

18:38:58 15 May 2024 UTC: ERROR: Error inserting column implied_max_MAX_BUOY - skipping:
Traceback (most recent call last):
  File "/usr/local/basestation3/BaseDB.py", line 120, in addColumn
    cur.execute(f"ALTER TABLE dives ADD COLUMN {col} {db_type};")
sqlite3.OperationalError: no such table: dives

18:38:58 15 May 2024 UTC: ERROR: Error inserting column implied_max_SM_CC - skipping:
Traceback (most recent call last):
  File "/usr/local/basestation3/BaseDB.py", line 120, in addColumn
    cur.execute(f"ALTER TABLE dives ADD COLUMN {col} {db_type};")
sqlite3.OperationalError: no such table: dives

18:38:58 15 May 2024 UTC: ERROR: Error inserting column min_SM_CC - skipping:
Traceback (most recent call last):
  File "/usr/local/basestation3/BaseDB.py", line 120, in addColumn
    cur.execute(f"ALTER TABLE dives ADD COLUMN {col} {db_type};")
sqlite3.OperationalError: no such table: dives

18:38:58 15 May 2024 UTC: ERROR: BaseDB.py(1222): Execution failed on sql 'SELECT dive, FROM dives WHERE dive <= 3 ORDER BY dive DESC LIMIT 10': near "FROM": syntax error could not fetch ['implied_volmax', 'implied_C_VBD'] for slope calculation
18:38:58 15 May 2024 UTC: INFO: DivePitchRoll.py(84): Starting dive_pitch_roll
18:38:58 15 May 2024 UTC: INFO: DivePitchRoll.py(272): implied_cpitch 2964.421211334713, implied_pitchgain 16.326626229489325
18:38:58 15 May 2024 UTC: ERROR: Error inserting column implied_C_PITCH - skipping:
Traceback (most recent call last):
  File "/usr/local/basestation3/BaseDB.py", line 120, in addColumn
    cur.execute(f"ALTER TABLE dives ADD COLUMN {col} {db_type};")
sqlite3.OperationalError: no such table: dives

18:38:58 15 May 2024 UTC: ERROR: Error inserting column implied_PITCH_GAIN - skipping:
Traceback (most recent call last):
  File "/usr/local/basestation3/BaseDB.py", line 120, in addColumn
    cur.execute(f"ALTER TABLE dives ADD COLUMN {col} {db_type};")
sqlite3.OperationalError: no such table: dives

18:38:58 15 May 2024 UTC: ERROR: BaseDB.py(1222): Execution failed on sql 'SELECT dive, FROM dives WHERE dive <= 3 ORDER BY dive DESC LIMIT 10': near "FROM": syntax error could not fetch ['implied_C_PITCH'] for slope calculation
18:38:58 15 May 2024 UTC: INFO: DivePitchRoll.py(475): c_roll_dive 2097.955282212159, c_roll_climb 2095.737532373081
18:38:58 15 May 2024 UTC: ERROR: Error inserting column implied_roll_C_ROLL_DIVE - skipping:
Traceback (most recent call last):
  File "/usr/local/basestation3/BaseDB.py", line 120, in addColumn
    cur.execute(f"ALTER TABLE dives ADD COLUMN {col} {db_type};")
sqlite3.OperationalError: no such table: dives

18:38:58 15 May 2024 UTC: ERROR: Error inserting column implied_roll_C_ROLL_CLIMB - skipping:
Traceback (most recent call last):
  File "/usr/local/basestation3/BaseDB.py", line 120, in addColumn
    cur.execute(f"ALTER TABLE dives ADD COLUMN {col} {db_type};")
sqlite3.OperationalError: no such table: dives

18:38:59 15 May 2024 UTC: INFO: Magcal.py(254): hard magcal PQR = [-11.21,54.94,53.96], converged=1, it=3
18:39:04 15 May 2024 UTC: INFO: Magcal.py(388): hard+soft magcal PQR = [285.05,76.76,-15.60], converged=1, it=11
18:39:04 15 May 2024 UTC: INFO: Magcal.py(394): hard+soft magcal abc = 1.000,-0.121,-0.770,0.090,1.102,-0.149,0.620,0.008,0.633
18:39:04 15 May 2024 UTC: INFO: Magcal.py(400): distrusting soft-iron, using hard-only solution with identity for soft
18:39:04 15 May 2024 UTC: INFO: BasePlot.py(133): plot_dives db closed
18:39:04 15 May 2024 UTC: INFO: Base.py(2252): Per-dive plots complete
18:39:04 15 May 2024 UTC: INFO: BaseDotFiles.py(1556): No .extensions file /usr/local/basestation3/etc/.extensions found
18:39:04 15 May 2024 UTC: INFO: BaseDotFiles.py(1474): Starting processing on .extensions section(s):('dive',)
18:39:04 15 May 2024 UTC: INFO: BaseDotFiles.py(1542): Finished processing on .extensions
18:39:04 15 May 2024 UTC: INFO: BaseDotFiles.py(341): No .urls file /usr/local/basestation3/etc/.urls found - skipping pass 1
18:39:04 15 May 2024 UTC: INFO: BaseDotFiles.py(266): Starting processing on .urls pass(1)
18:39:04 15 May 2024 UTC: INFO: BaseDotFiles.py(331): Finished processing on .urls pass(1)
18:39:04 15 May 2024 UTC: INFO: Utils.py(1845): notifying /tmp/sanic-2963492-notify.ipc:195-urls-files:{"glider":195,"dive":3,"content":"files=perdive","time":1715798344.794472}
18:39:04 15 May 2024 UTC: INFO: Utils.py(1845): notifying /tmp/sanic-15566-notify.ipc:195-urls-files:{"glider":195,"dive":3,"content":"files=perdive","time":1715798344.794472}
18:39:04 15 May 2024 UTC: INFO: Utils.py(1845): notifying /tmp/sanic-766373-notify.ipc:195-urls-files:{"glider":195,"dive":3,"content":"files=perdive","time":1715798344.794472}
18:39:04 15 May 2024 UTC: INFO: Utils.py(1845): notifying /tmp/sanic-19345-notify.ipc:195-urls-files:{"glider":195,"dive":3,"content":"files=perdive","time":1715798344.794472}
18:39:04 15 May 2024 UTC: INFO: Utils.py(1845): notifying /tmp/sanic-20485-notify.ipc:195-urls-files:{"glider":195,"dive":3,"content":"files=perdive","time":1715798344.794472}
18:39:04 15 May 2024 UTC: INFO: Utils.py(1845): notifying /tmp/sanic-2961317-notify.ipc:195-urls-files:{"glider":195,"dive":3,"content":"files=perdive","time":1715798344.794472}
18:39:04 15 May 2024 UTC: INFO: Utils.py(1845): notifying /tmp/sanic-766476-notify.ipc:195-urls-files:{"glider":195,"dive":3,"content":"files=perdive","time":1715798344.794472}
18:39:04 15 May 2024 UTC: INFO: Utils.py(1845): notifying /tmp/sanic-16884-notify.ipc:195-urls-files:{"glider":195,"dive":3,"content":"files=perdive","time":1715798344.794472}
18:39:05 15 May 2024 UTC: INFO: MakeMissionTimeSeries.py(231): Making mission timeseries /home/jails/uwssc/gliderjail/home/sg195/sg195_Shilshole_Overnight_OCN_201__15May2024_timeseries.nc from files found in /home/jails/uwssc/gliderjail/home/sg195/
18:39:05 15 May 2024 UTC: INFO: BaseNetCDF.py(368): /usr/local/basestation3/etc/NODC.yml does not exist - skipping
18:39:05 15 May 2024 UTC: INFO: BasePlot.py(159): plot_mission db opened
18:39:05 15 May 2024 UTC: INFO: MissionEnergy.py(98): Starting mission_energy None
18:39:05 15 May 2024 UTC: ERROR: Failed database call:
Traceback (most recent call last):
  File "/opt/basestation/lib/python3.10/site-packages/pandas/io/sql.py", line 2202, in execute
    cur.execute(sql, *args)
sqlite3.OperationalError: no such table: dives

The above exception was the direct cause of the following exception:

Traceback (most recent call last):
  File "/usr/local/basestation3/Plotting/MissionEnergy.py", line 121, in mission_energy
    fg_df = pd.read_sql_query(
  File "/opt/basestation/lib/python3.10/site-packages/pandas/io/sql.py", line 469, in read_sql_query
    return pandas_sql.read_query(
  File "/opt/basestation/lib/python3.10/site-packages/pandas/io/sql.py", line 2266, in read_query
    cursor = self.execute(sql, params)
  File "/opt/basestation/lib/python3.10/site-packages/pandas/io/sql.py", line 2214, in execute
    raise ex from exc
pandas.errors.DatabaseError: Execution failed on sql 'SELECT dive,fg_kJ_used_10V,fg_kJ_used_24V,fg_batt_capacity_10V,fg_batt_capacity_24V,fg_ah_used_10V,fg_ah_used_24V,log_FG_AHR_10Vo,log_FG_AHR_24Vo FROM dives  ORDER BY dive ASC': no such table: dives

18:39:05 15 May 2024 UTC: INFO: MissionMotors.py(77): Starting mission_motors
18:39:05 15 May 2024 UTC: ERROR: Could not fetch needed columns:
Traceback (most recent call last):
  File "/opt/basestation/lib/python3.10/site-packages/pandas/io/sql.py", line 2202, in execute
    cur.execute(sql, *args)
sqlite3.OperationalError: no such table: gc

The above exception was the direct cause of the following exception:

Traceback (most recent call last):
  File "/usr/local/basestation3/Plotting/MissionMotors.py", line 94, in mission_motors
    df = pd.read_sql_query(
  File "/opt/basestation/lib/python3.10/site-packages/pandas/io/sql.py", line 469, in read_sql_query
    return pandas_sql.read_query(
  File "/opt/basestation/lib/python3.10/site-packages/pandas/io/sql.py", line 2266, in read_query
    cursor = self.execute(sql, params)
  File "/opt/basestation/lib/python3.10/site-packages/pandas/io/sql.py", line 2214, in execute
    raise ex from exc
pandas.errors.DatabaseError: Execution failed on sql 'SELECT dive,roll_rate,roll_i,pitch_rate,pitch_i,vbd_rate,vbd_i,vbd_secs,depth,vbd_eff,pitch_volts,roll_volts,vbd_volts from gc': no such table: gc

18:39:05 15 May 2024 UTC: INFO: MissionIntSensors.py(63): Starting mission_int_sensors
18:39:05 15 May 2024 UTC: ERROR: Could not fetch needed columns:
Traceback (most recent call last):
  File "/opt/basestation/lib/python3.10/site-packages/pandas/io/sql.py", line 2202, in execute
    cur.execute(sql, *args)
sqlite3.OperationalError: no such table: dives

The above exception was the direct cause of the following exception:

Traceback (most recent call last):
  File "/usr/local/basestation3/Plotting/MissionIntSensors.py", line 83, in mission_int_sensors
    df = pd.read_sql_query(
  File "/opt/basestation/lib/python3.10/site-packages/pandas/io/sql.py", line 469, in read_sql_query
    return pandas_sql.read_query(
  File "/opt/basestation/lib/python3.10/site-packages/pandas/io/sql.py", line 2266, in read_query
    cursor = self.execute(sql, params)
  File "/opt/basestation/lib/python3.10/site-packages/pandas/io/sql.py", line 2214, in execute
    raise ex from exc
pandas.errors.DatabaseError: Execution failed on sql 'SELECT dive,log_HUMID,log_INTERNAL_PRESSURE from dives  ORDER BY dive ASC': no such table: dives

18:39:05 15 May 2024 UTC: ERROR: Could not fetch needed columns:
Traceback (most recent call last):
  File "/opt/basestation/lib/python3.10/site-packages/pandas/io/sql.py", line 2202, in execute
    cur.execute(sql, *args)
sqlite3.OperationalError: no such table: dives

The above exception was the direct cause of the following exception:

Traceback (most recent call last):
  File "/usr/local/basestation3/Plotting/MissionDepthAngle.py", line 74, in mission_depthangle
    df = pd.read_sql_query(
  File "/opt/basestation/lib/python3.10/site-packages/pandas/io/sql.py", line 469, in read_sql_query
    return pandas_sql.read_query(
  File "/opt/basestation/lib/python3.10/site-packages/pandas/io/sql.py", line 2266, in read_query
    cursor = self.execute(sql, params)
  File "/opt/basestation/lib/python3.10/site-packages/pandas/io/sql.py", line 2214, in execute
    raise ex from exc
pandas.errors.DatabaseError: Execution failed on sql 'SELECT dive,log__SM_DEPTHo,log__SM_ANGLEo from dives': no such table: dives

18:39:05 15 May 2024 UTC: INFO: MissionMap.py(130): Starting mission_map
18:39:05 15 May 2024 UTC: ERROR: MissionMap.py(145): database error
18:39:05 15 May 2024 UTC: WARNING: MissionCommLog.py(80): No calls table - skipping
18:39:05 15 May 2024 UTC: ERROR: Could not fetch data:
Traceback (most recent call last):
  File "/usr/local/basestation3/Plotting/MissionProfiles.py", line 129, in mission_profiles
    cur.execute("SELECT dive FROM dives ORDER BY dive DESC LIMIT 1;")
sqlite3.OperationalError: no such table: dives

18:39:06 15 May 2024 UTC: INFO: BasePlot.py(204): plot_mission db closed
18:39:06 15 May 2024 UTC: INFO: MakeKML.py(1039): Started processing 18:39:06 15 May 2024 GMT
18:39:06 15 May 2024 UTC: INFO: MakeKML.py(450): Opened /home/jails/uwssc/gliderjail/home/sg195/targets.0.0 for processing
18:39:06 15 May 2024 UTC: INFO: MakeKML.py(464): ['NORTH', 'lat=4744.5', 'lon=-12223.75', 'radius=200', 'finish=000', 'goto=SOUTH']
18:39:06 15 May 2024 UTC: INFO: MakeKML.py(464): ['SOUTH', 'lat=4743.0', 'lon=-12223.75', 'radius=200', 'finish=180', 'goto=NORTH']
18:39:06 15 May 2024 UTC: INFO: MakeKML.py(1756): Finished processing 18:39:06 15 May 2024 GMT
18:39:06 15 May 2024 UTC: INFO: MakeKML.py(1760): Run time 0.577628 seconds
18:39:06 15 May 2024 UTC: INFO: BaseDotFiles.py(1556): No .extensions file /usr/local/basestation3/etc/.extensions found
18:39:06 15 May 2024 UTC: INFO: BaseDotFiles.py(1474): Starting processing on .extensions section(s):('global', 'mission')
18:39:06 15 May 2024 UTC: INFO: BaseDotFiles.py(1542): Finished processing on .extensions
18:39:06 15 May 2024 UTC: INFO: CommLog.py(113): prefix:
18:39:06 15 May 2024 UTC: INFO: Base.py(2615): Processing FM_IGNORE
18:39:06 15 May 2024 UTC: INFO: Base.py(2615): Processing MASS_MISMATCH
18:39:06 15 May 2024 UTC: WARNING: Base.py(2646): ALERT:FM_IGNORE
    WARNING: volmax value ignored. v3 Flight Model does not use this value. Add '% FM_ignore' to sg_calib_constants.m to suppress this warning.
    WARNING: rho0 value ignored. v3 Flight Model does not use this value. Add '% FM_ignore' to sg_calib_constants.m to suppress this warning.
    WARNING: hd_a value ignored. v3 Flight Model does not use this value. Add '% FM_ignore' to sg_calib_constants.m to suppress this warning.
    WARNING: hd_b value ignored. v3 Flight Model does not use this value. Add '% FM_ignore' to sg_calib_constants.m to suppress this warning.
    WARNING: hd_c value ignored. v3 Flight Model does not use this value. Add '% FM_ignore' to sg_calib_constants.m to suppress this warning.
    WARNING: abs_compress value ignored. v3 Flight Model does not use this value. Add '% FM_ignore' to sg_calib_constants.m to suppress this warning.
    WARNING: therm_expan value ignored. v3 Flight Model does not use this value. Add '% FM_ignore' to sg_calib_constants.m to suppress this warning.
    WARNING: temp_ref value ignored. v3 Flight Model does not use this value. Add '% FM_ignore' to sg_calib_constants.m to suppress this warning.
ALERT:MASS_MISMATCH
    WARNING: Mass of vehicle in sg_calib_constants (53692.0) does not match $MASS in log file (53765.0); using sg_calib_constants
Consult baselog_240515183827 for details.
18:39:06 15 May 2024 UTC: INFO: BaseDB.py(1171): addValToDB db opened
18:39:06 15 May 2024 UTC: ERROR: Error inserting column alerts - skipping:
Traceback (most recent call last):
  File "/usr/local/basestation3/BaseDB.py", line 120, in addColumn
    cur.execute(f"ALTER TABLE dives ADD COLUMN {col} {db_type};")
sqlite3.OperationalError: no such table: dives

18:39:06 15 May 2024 UTC: INFO: BaseDB.py(1200): addValToDB db closed
18:39:06 15 May 2024 UTC: INFO: Base.py(2698): Processed files msg:
Processing complete as of 18:39:06 15 May 2024 GMT
p1950003.log
p1950003.eng
p1950003.asc
p1950003.cap
plots/dv0003_diveplot.div
plots/dv0003_diveplot.webp
plots/dv0003_cog.div
plots/dv0003_cog.webp
plots/dv0003_ctw.div
plots/dv0003_ctw.webp
plots/dv0003_aa4330.div
plots/dv0003_aa4330.webp
plots/dv0003_wlbb2fl_Chlorophyll_fluorescence.div
plots/dv0003_wlbb2fl_Chlorophyll_fluorescence.webp
plots/dv0003_wlbb2fl_backscatter.div
plots/dv0003_wlbb2fl_backscatter.webp
plots/dv0003_ctd.div
plots/dv0003_ctd.webp
plots/dv0003_raw_ctd.div
plots/dv0003_raw_ctd.webp
plots/dv0003_ts.div
plots/dv0003_ts.webp
plots/dv0003_ts_raw.div
plots/dv0003_ts_raw.webp
plots/dv0003_seabird_corr_compare.div
plots/dv0003_seabird_corr_compare.webp
plots/dv0003_vert_vel.div
plots/dv0003_vert_vel.webp
plots/dv0003_pitch.div
plots/dv0003_pitch.webp
plots/dv0003_roll.div
plots/dv0003_roll.webp
plots/dv0003_roll_rate.div
plots/dv0003_roll_rate.webp
plots/dv0003_magcal.div
plots/dv0003_magcal.webp
plots/dv0003_diveplot.div
plots/dv0003_diveplot.webp
plots/dv0003_cog.div
plots/dv0003_cog.webp
plots/dv0003_ctw.div
plots/dv0003_ctw.webp
plots/dv0003_aa4330.div
plots/dv0003_aa4330.webp
plots/dv0003_wlbb2fl_Chlorophyll_fluorescence.div
plots/dv0003_wlbb2fl_Chlorophyll_fluorescence.webp
plots/dv0003_wlbb2fl_backscatter.div
plots/dv0003_wlbb2fl_backscatter.webp
plots/dv0003_ctd.div
plots/dv0003_ctd.webp
plots/dv0003_raw_ctd.div
plots/dv0003_raw_ctd.webp
plots/dv0003_ts.div
plots/dv0003_ts.webp
plots/dv0003_ts_raw.div
plots/dv0003_ts_raw.webp
plots/dv0003_seabird_corr_compare.div
plots/dv0003_seabird_corr_compare.webp
plots/dv0003_vert_vel.div
plots/dv0003_vert_vel.webp
plots/dv0003_pitch.div
plots/dv0003_pitch.webp
plots/dv0003_roll.div
plots/dv0003_roll.webp
plots/dv0003_roll_rate.div
plots/dv0003_roll_rate.webp
plots/dv0003_magcal.div
plots/dv0003_magcal.webp
plots/eng_mission_volmax.div
plots/eng_mission_volmax.webp
plots/eng_download_stats.div
plots/eng_download_stats.webp
sg195.kmz
p1950003.nc
sg195_Shilshole_Overnight_OCN_201__15May2024_timeseries.nc

18:39:06 15 May 2024 UTC: INFO: Base.py(1363): Extension script /home/jails/uwssc/gliderjail/home/sg195/.post_mission not found
18:39:07 15 May 2024 UTC: INFO: BaseDB.py(1171): addValToDB db opened
18:39:07 15 May 2024 UTC: ERROR: Error inserting column capture - skipping:
Traceback (most recent call last):
  File "/usr/local/basestation3/BaseDB.py", line 120, in addColumn
    cur.execute(f"ALTER TABLE dives ADD COLUMN {col} {db_type};")
sqlite3.OperationalError: no such table: dives

18:39:07 15 May 2024 UTC: INFO: BaseDB.py(1200): addValToDB db closed
18:39:07 15 May 2024 UTC: INFO: BaseDotFiles.py(401): Starting processing on /usr/local/basestation3/etc/.pagers for  alerts
18:39:07 15 May 2024 UTC: INFO: BaseDotFiles.py(409): Processing .pagers line (https://sahale.apl.washington.edu/mattermost/hooks/sg1i1w4wpibg9m8s77e19st14w,slack,gpsddmm)
18:39:07 15 May 2024 UTC: INFO: BaseDotFiles.py(414): Using sending function slack
18:39:07 15 May 2024 UTC: INFO: BaseDotFiles.py(409): Processing .pagers line (https://sahale.apl.washington.edu/mattermost/hooks/71kp13t63ifummqbhxzniw18go,slack,alerts)
18:39:07 15 May 2024 UTC: INFO: BaseDotFiles.py(414): Using sending function slack
18:39:07 15 May 2024 UTC: INFO: BaseDotFiles.py(409): Processing .pagers line (https://sahale.apl.washington.edu/mattermost/hooks/5t1u7ab147dstbh5iq79h48spy,slack,critical)
18:39:07 15 May 2024 UTC: INFO: BaseDotFiles.py(414): Using sending function slack
18:39:07 15 May 2024 UTC: INFO: BaseDotFiles.py(672): Finished processing on /usr/local/basestation3/etc/.pagers
18:39:07 15 May 2024 UTC: INFO: BaseDotFiles.py(401): Starting processing on /home/jails/uwssc/gliderjail/home/sg195/.pagers for  alerts
18:39:07 15 May 2024 UTC: INFO: BaseDotFiles.py(409): Processing .pagers line (7247147343@vtext.com,gps,alerts,recov)
18:39:07 15 May 2024 UTC: INFO: BaseDotFiles.py(672): Finished processing on /home/jails/uwssc/gliderjail/home/sg195/.pagers
18:39:07 15 May 2024 UTC: INFO: BaseDotFiles.py(401): Starting processing on /usr/local/basestation3/etc/.pagers for  alerts
18:39:07 15 May 2024 UTC: INFO: BaseDotFiles.py(409): Processing .pagers line (https://sahale.apl.washington.edu/mattermost/hooks/sg1i1w4wpibg9m8s77e19st14w,slack,gpsddmm)
18:39:07 15 May 2024 UTC: INFO: BaseDotFiles.py(414): Using sending function slack
18:39:07 15 May 2024 UTC: INFO: BaseDotFiles.py(409): Processing .pagers line (https://sahale.apl.washington.edu/mattermost/hooks/71kp13t63ifummqbhxzniw18go,slack,alerts)
18:39:07 15 May 2024 UTC: INFO: BaseDotFiles.py(414): Using sending function slack
18:39:07 15 May 2024 UTC: INFO: BaseDotFiles.py(621): Sending ALERTS FROM PROCESSING SG195 to https://sahale.apl.washington.edu/mattermost/hooks/71kp13t63ifummqbhxzniw18go
18:39:07 15 May 2024 UTC: INFO: BaseDotFiles.py(108): instrument_id:195 slack_hook_url:https://sahale.apl.washington.edu/mattermost/hooks/71kp13t63ifummqbhxzniw18go subject_line:ALERTS FROM PROCESSING SG195 message_body:ALERT:FM_IGNORE
    WARNING: volmax value ignored. v3 Flight Model does not use this value. Add '% FM_ignore' to sg_calib_constants.m to suppress this warning.
    WARNING: rho0 value ignored. v3 Flight Model does not use this value. Add '% FM_ignore' to sg_calib_constants.m to suppress this warning.
    WARNING: hd_a value ignored. v3 Flight Model does not use this value. Add '% FM_ignore' to sg_calib_constants.m to suppress this warning.
    WARNING: hd_b value ignored. v3 Flight Model does not use this value. Add '% FM_ignore' to sg_calib_constants.m to suppress this warning.
    WARNING: hd_c value ignored. v3 Flight Model does not use this value. Add '% FM_ignore' to sg_calib_constants.m to suppress this warning.
    WARNING: abs_compress value ignored. v3 Flight Model does not use this value. Add '% FM_ignore' to sg_calib_constants.m to suppress this warning.
    WARNING: therm_expan value ignored. v3 Flight Model does not use this value. Add '% FM_ignore' to sg_calib_constants.m to suppress this warning.
    WARNING: temp_ref value ignored. v3 Flight Model does not use this value. Add '% FM_ignore' to sg_calib_constants.m to suppress this warning.
ALERT:MASS_MISMATCH
    WARNING: Mass of vehicle in sg_calib_constants (53692.0) does not match $MASS in log file (53765.0); using sg_calib_constants
Consult baselog_240515183827 for details.
18:39:07 15 May 2024 UTC: INFO: BaseDotFiles.py(409): Processing .pagers line (https://sahale.apl.washington.edu/mattermost/hooks/5t1u7ab147dstbh5iq79h48spy,slack,critical)
18:39:07 15 May 2024 UTC: INFO: BaseDotFiles.py(414): Using sending function slack
18:39:07 15 May 2024 UTC: INFO: BaseDotFiles.py(672): Finished processing on /usr/local/basestation3/etc/.pagers
18:39:07 15 May 2024 UTC: INFO: BaseDotFiles.py(401): Starting processing on /home/jails/uwssc/gliderjail/home/sg195/.pagers for  alerts
18:39:07 15 May 2024 UTC: INFO: BaseDotFiles.py(409): Processing .pagers line (7247147343@vtext.com,gps,alerts,recov)
18:39:07 15 May 2024 UTC: INFO: BaseDotFiles.py(621): Sending ALERTS FROM PROCESSING SG195 to 7247147343@vtext.com
18:39:07 15 May 2024 UTC: INFO: BaseDotFiles.py(672): Finished processing on /home/jails/uwssc/gliderjail/home/sg195/.pagers
18:39:07 15 May 2024 UTC: INFO: BaseDotFiles.py(401): Starting processing on /usr/local/basestation3/etc/.pagers for  alerts comp
18:39:07 15 May 2024 UTC: INFO: BaseDotFiles.py(409): Processing .pagers line (https://sahale.apl.washington.edu/mattermost/hooks/sg1i1w4wpibg9m8s77e19st14w,slack,gpsddmm)
18:39:07 15 May 2024 UTC: INFO: BaseDotFiles.py(414): Using sending function slack
18:39:07 15 May 2024 UTC: INFO: BaseDotFiles.py(409): Processing .pagers line (https://sahale.apl.washington.edu/mattermost/hooks/71kp13t63ifummqbhxzniw18go,slack,alerts)
18:39:07 15 May 2024 UTC: INFO: BaseDotFiles.py(414): Using sending function slack
18:39:07 15 May 2024 UTC: INFO: BaseDotFiles.py(409): Processing .pagers line (https://sahale.apl.washington.edu/mattermost/hooks/5t1u7ab147dstbh5iq79h48spy,slack,critical)
18:39:07 15 May 2024 UTC: INFO: BaseDotFiles.py(414): Using sending function slack
18:39:07 15 May 2024 UTC: INFO: BaseDotFiles.py(672): Finished processing on /usr/local/basestation3/etc/.pagers
18:39:07 15 May 2024 UTC: INFO: BaseDotFiles.py(401): Starting processing on /home/jails/uwssc/gliderjail/home/sg195/.pagers for  alerts comp
18:39:07 15 May 2024 UTC: INFO: BaseDotFiles.py(409): Processing .pagers line (7247147343@vtext.com,gps,alerts,recov)
18:39:07 15 May 2024 UTC: INFO: BaseDotFiles.py(672): Finished processing on /home/jails/uwssc/gliderjail/home/sg195/.pagers
18:39:07 15 May 2024 UTC: INFO: BaseCtrlFiles.py(262): No ctrl file /usr/local/basestation3/etc/pagers.yml found - skipping
18:39:07 15 May 2024 UTC: INFO: BaseCtrlFiles.py(262): No ctrl file /home/jails/uwssc/gliderjail/home/sg195/pagers.yml found - skipping
18:39:07 15 May 2024 UTC: INFO: BaseCtrlFiles.py(262): No ctrl file /usr/local/basestation3/etc/pagers.yml found - skipping
18:39:07 15 May 2024 UTC: INFO: BaseCtrlFiles.py(262): No ctrl file /home/jails/uwssc/gliderjail/home/sg195/pagers.yml found - skipping
18:39:07 15 May 2024 UTC: INFO: BaseCtrlFiles.py(262): No ctrl file /usr/local/basestation3/etc/pagers.yml found - skipping
18:39:07 15 May 2024 UTC: INFO: BaseCtrlFiles.py(262): No ctrl file /home/jails/uwssc/gliderjail/home/sg195/pagers.yml found - skipping
18:39:07 15 May 2024 UTC: INFO: BaseDotFiles.py(1041): Starting processing on .ftp
18:39:07 15 May 2024 UTC: INFO: BaseDotFiles.py(1051): No .ftp file /usr/local/basestation3/etc/.ftp file found - skipping .ftp processing
18:39:07 15 May 2024 UTC: INFO: BaseDotFiles.py(1061): Finished processing on .ftp
18:39:07 15 May 2024 UTC: INFO: BaseDotFiles.py(1041): Starting processing on .sftp
18:39:07 15 May 2024 UTC: INFO: BaseDotFiles.py(1051): No .sftp file /usr/local/basestation3/etc/.sftp file found - skipping .sftp processing
18:39:07 15 May 2024 UTC: INFO: BaseDotFiles.py(1051): No .sftp file /home/jails/uwssc/gliderjail/home/sg195/.sftp file found - skipping .sftp processing
18:39:07 15 May 2024 UTC: INFO: BaseDotFiles.py(1061): Finished processing on .sftp
18:39:07 15 May 2024 UTC: INFO: BaseDotFiles.py(1426): Started processing on .mailer
18:39:07 15 May 2024 UTC: INFO: BaseDotFiles.py(1438): No .mailer file /usr/local/basestation3/etc/.mailer file found - skipping .mailer processing
18:39:07 15 May 2024 UTC: INFO: BaseDotFiles.py(1451): Finished processing on .mailer
18:39:07 15 May 2024 UTC: INFO: BaseDotFiles.py(341): No .urls file /usr/local/basestation3/etc/.urls found - skipping pass 2
18:39:07 15 May 2024 UTC: INFO: BaseDotFiles.py(266): Starting processing on .urls pass(2)
18:39:07 15 May 2024 UTC: INFO: BaseDotFiles.py(331): Finished processing on .urls pass(2)
18:39:07 15 May 2024 UTC: INFO: Utils.py(1845): notifying /tmp/sanic-2963492-notify.ipc:195-urls-files:{"glider":195,"dive":3,"content":"files=all","time":1715798347.4104748}
18:39:07 15 May 2024 UTC: INFO: Utils.py(1845): notifying /tmp/sanic-15566-notify.ipc:195-urls-files:{"glider":195,"dive":3,"content":"files=all","time":1715798347.4104748}
18:39:07 15 May 2024 UTC: INFO: Utils.py(1845): notifying /tmp/sanic-766373-notify.ipc:195-urls-files:{"glider":195,"dive":3,"content":"files=all","time":1715798347.4104748}
18:39:07 15 May 2024 UTC: INFO: Utils.py(1845): notifying /tmp/sanic-19345-notify.ipc:195-urls-files:{"glider":195,"dive":3,"content":"files=all","time":1715798347.4104748}
18:39:07 15 May 2024 UTC: INFO: Utils.py(1845): notifying /tmp/sanic-20485-notify.ipc:195-urls-files:{"glider":195,"dive":3,"content":"files=all","time":1715798347.4104748}
18:39:07 15 May 2024 UTC: INFO: Utils.py(1845): notifying /tmp/sanic-2961317-notify.ipc:195-urls-files:{"glider":195,"dive":3,"content":"files=all","time":1715798347.4104748}
18:39:07 15 May 2024 UTC: INFO: Utils.py(1845): notifying /tmp/sanic-766476-notify.ipc:195-urls-files:{"glider":195,"dive":3,"content":"files=all","time":1715798347.4104748}
18:39:07 15 May 2024 UTC: INFO: Utils.py(1845): notifying /tmp/sanic-16884-notify.ipc:195-urls-files:{"glider":195,"dive":3,"content":"files=all","time":1715798347.4104748}
18:39:07 15 May 2024 UTC: INFO: BaseDotFiles.py(401): Starting processing on /usr/local/basestation3/etc/.pagers for  errors
18:39:07 15 May 2024 UTC: INFO: BaseDotFiles.py(409): Processing .pagers line (https://sahale.apl.washington.edu/mattermost/hooks/sg1i1w4wpibg9m8s77e19st14w,slack,gpsddmm)
18:39:07 15 May 2024 UTC: INFO: BaseDotFiles.py(414): Using sending function slack
18:39:07 15 May 2024 UTC: INFO: BaseDotFiles.py(409): Processing .pagers line (https://sahale.apl.washington.edu/mattermost/hooks/71kp13t63ifummqbhxzniw18go,slack,alerts)
18:39:07 15 May 2024 UTC: INFO: BaseDotFiles.py(414): Using sending function slack
18:39:07 15 May 2024 UTC: INFO: BaseDotFiles.py(409): Processing .pagers line (https://sahale.apl.washington.edu/mattermost/hooks/5t1u7ab147dstbh5iq79h48spy,slack,critical)
18:39:07 15 May 2024 UTC: INFO: BaseDotFiles.py(414): Using sending function slack
18:39:07 15 May 2024 UTC: INFO: BaseDotFiles.py(672): Finished processing on /usr/local/basestation3/etc/.pagers
18:39:07 15 May 2024 UTC: INFO: BaseDotFiles.py(401): Starting processing on /home/jails/uwssc/gliderjail/home/sg195/.pagers for  errors
18:39:07 15 May 2024 UTC: INFO: BaseDotFiles.py(409): Processing .pagers line (7247147343@vtext.com,gps,alerts,recov)
18:39:07 15 May 2024 UTC: INFO: BaseDotFiles.py(672): Finished processing on /home/jails/uwssc/gliderjail/home/sg195/.pagers
18:39:07 15 May 2024 UTC: INFO: BaseCtrlFiles.py(262): No ctrl file /usr/local/basestation3/etc/pagers.yml found - skipping
18:39:07 15 May 2024 UTC: INFO: BaseCtrlFiles.py(262): No ctrl file /home/jails/uwssc/gliderjail/home/sg195/pagers.yml found - skipping
18:39:07 15 May 2024 UTC: INFO: Base.py(3001): Finished processing 18:39:07 15 May 2024 GMT
