19:56:54 30 Apr 2024 UTC: INFO: BaseLog.py(120): Process id = 2521789
19:56:54 30 Apr 2024 UTC: WARNING: BaseLog.py(123): Config file /home/jails/uwssc/gliderjail/home/sg194/sg194.conf was not found
19:56:54 30 Apr 2024 UTC: INFO: Utils.py(1011): Basestation version: 3.0.2; QC version: 1.12
19:56:54 30 Apr 2024 UTC: INFO: Utils.py(1017): Python version 3.10.10
19:56:54 30 Apr 2024 UTC: INFO: Utils.py(1031): Numpy version 1.25.0
19:56:54 30 Apr 2024 UTC: INFO: Utils.py(1046): Scipy version 1.10.1
19:56:54 30 Apr 2024 UTC: INFO: Utils.py(1066): seawater version 3.3.4
19:56:54 30 Apr 2024 UTC: INFO: Base.py(1479): Invoked with command line [/usr/local/basestation3/Base.py --mission_dir /home/jails/uwssc/gliderjail/home/sg194 --verbose --make_mission_timeseries --daemon --nice 10 --base_log /home/jails/uwssc/gliderjail/home/sg194/baselog_240430195652 --web_file_location=http://iop.apl.washington.edu/seaglider/sg194/current/data --reply_addr=gbs2@uw.edu --config /home/jails/uwssc/gliderjail/home/sg194/sg194.conf --delete_upload_files ]
19:56:54 30 Apr 2024 UTC: INFO: Base.py(1481): PID:2521890
19:56:54 30 Apr 2024 UTC: WARNING: CalibConst.py(120): volmax value ignored. v3 Flight Model does not use this value. Add '% FM_ignore' to sg_calib_constants.m to suppress this warning. (Max message count exceeded)
19:56:54 30 Apr 2024 UTC: WARNING: CalibConst.py(120): rho0 value ignored. v3 Flight Model does not use this value. Add '% FM_ignore' to sg_calib_constants.m to suppress this warning. (Max message count exceeded)
19:56:54 30 Apr 2024 UTC: WARNING: CalibConst.py(120): hd_a value ignored. v3 Flight Model does not use this value. Add '% FM_ignore' to sg_calib_constants.m to suppress this warning. (Max message count exceeded)
19:56:54 30 Apr 2024 UTC: WARNING: CalibConst.py(120): hd_b value ignored. v3 Flight Model does not use this value. Add '% FM_ignore' to sg_calib_constants.m to suppress this warning. (Max message count exceeded)
19:56:54 30 Apr 2024 UTC: WARNING: CalibConst.py(120): hd_c value ignored. v3 Flight Model does not use this value. Add '% FM_ignore' to sg_calib_constants.m to suppress this warning. (Max message count exceeded)
19:56:54 30 Apr 2024 UTC: WARNING: CalibConst.py(120): abs_compress value ignored. v3 Flight Model does not use this value. Add '% FM_ignore' to sg_calib_constants.m to suppress this warning. (Max message count exceeded)
19:56:54 30 Apr 2024 UTC: WARNING: CalibConst.py(120): therm_expan value ignored. v3 Flight Model does not use this value. Add '% FM_ignore' to sg_calib_constants.m to suppress this warning. (Max message count exceeded)
19:56:54 30 Apr 2024 UTC: WARNING: CalibConst.py(120): temp_ref value ignored. v3 Flight Model does not use this value. Add '% FM_ignore' to sg_calib_constants.m to suppress this warning. (Max message count exceeded)
19:56:54 30 Apr 2024 UTC: INFO: Base.py(1529): Started processing 19:56:54 30 Apr 2024 GMT
19:56:54 30 Apr 2024 UTC: INFO: Base.py(1572): Instrument ID = 194
19:56:54 30 Apr 2024 UTC: INFO: BaseDotFiles.py(401): Starting processing on /usr/local/basestation3/etc/.pagers for  lategps recov critical drift
19:56:54 30 Apr 2024 UTC: INFO: BaseDotFiles.py(409): Processing .pagers line (https://sahale.apl.washington.edu/mattermost/hooks/sg1i1w4wpibg9m8s77e19st14w,slack,gpsddmm)
19:56:54 30 Apr 2024 UTC: INFO: BaseDotFiles.py(414): Using sending function slack
19:56:54 30 Apr 2024 UTC: INFO: BaseDotFiles.py(409): Processing .pagers line (https://sahale.apl.washington.edu/mattermost/hooks/71kp13t63ifummqbhxzniw18go,slack,alerts)
19:56:54 30 Apr 2024 UTC: INFO: BaseDotFiles.py(414): Using sending function slack
19:56:54 30 Apr 2024 UTC: INFO: BaseDotFiles.py(409): Processing .pagers line (https://sahale.apl.washington.edu/mattermost/hooks/5t1u7ab147dstbh5iq79h48spy,slack,critical)
19:56:54 30 Apr 2024 UTC: INFO: BaseDotFiles.py(414): Using sending function slack
19:56:54 30 Apr 2024 UTC: INFO: CommLog.py(113): prefix:dive:1 calls_made:1 call_cycle:6 
19:56:54 30 Apr 2024 UTC: INFO: BaseDotFiles.py(672): Finished processing on /usr/local/basestation3/etc/.pagers
19:56:54 30 Apr 2024 UTC: INFO: BaseDotFiles.py(401): Starting processing on /home/jails/uwssc/gliderjail/home/sg194/.pagers for  lategps recov critical drift
19:56:54 30 Apr 2024 UTC: INFO: BaseDotFiles.py(409): Processing .pagers line (2064539110@tmomail.net,gps,alerts,recov)
19:56:54 30 Apr 2024 UTC: INFO: CommLog.py(113): prefix:dive:1 calls_made:1 call_cycle:6 
19:56:54 30 Apr 2024 UTC: INFO: BaseDotFiles.py(582): Sending IN RECOVERY SG194 dive:1 calls_made:1 call_cycle:6  (N47 44.4530 W122 24.3080 09/14/04 19:55:22 UTC QUIT_COMMAND) to 2064539110@tmomail.net
19:56:54 30 Apr 2024 UTC: INFO: BaseDotFiles.py(409): Processing .pagers line (7247147343@vtext.com,gps,alerts,recov)
19:56:54 30 Apr 2024 UTC: INFO: CommLog.py(113): prefix:dive:1 calls_made:1 call_cycle:6 
19:56:54 30 Apr 2024 UTC: INFO: BaseDotFiles.py(582): Sending IN RECOVERY SG194 dive:1 calls_made:1 call_cycle:6  (N47 44.4530 W122 24.3080 09/14/04 19:55:22 UTC QUIT_COMMAND) to 7247147343@vtext.com
19:56:54 30 Apr 2024 UTC: INFO: BaseDotFiles.py(672): Finished processing on /home/jails/uwssc/gliderjail/home/sg194/.pagers
19:56:54 30 Apr 2024 UTC: INFO: BaseCtrlFiles.py(262): No ctrl file /usr/local/basestation3/etc/pagers.yml found - skipping
19:56:54 30 Apr 2024 UTC: INFO: BaseCtrlFiles.py(262): No ctrl file /home/jails/uwssc/gliderjail/home/sg194/pagers.yml found - skipping
19:56:54 30 Apr 2024 UTC: INFO: Base.py(1635): Processing comm_merged.log
19:56:54 30 Apr 2024 UTC: INFO: Base.py(1664): Finished processing comm_merged.log
19:56:55 30 Apr 2024 UTC: INFO: Base.py(1784): Processing seaglider selftests
19:56:55 30 Apr 2024 UTC: INFO: Base.py(1820): No new selftests to processed
19:56:55 30 Apr 2024 UTC: INFO: Base.py(1822): Processing pdoscmd.bat logs
19:56:55 30 Apr 2024 UTC: INFO: Base.py(1841): No pdos logfiles found to process
19:56:55 30 Apr 2024 UTC: INFO: Base.py(1848): Processing dive(s)
19:56:55 30 Apr 2024 UTC: WARNING: Base.py(1883): No dives to process
19:56:55 30 Apr 2024 UTC: INFO: Base.py(1957): Dives to process = []
19:56:55 30 Apr 2024 UTC: INFO: Base.py(2054): No dives found to profile
19:56:55 30 Apr 2024 UTC: INFO: Base.py(2072): Backing up /home/jails/uwssc/gliderjail/home/sg194/cmdfile to /home/jails/uwssc/gliderjail/home/sg194/cmdfile.1.6
19:56:55 30 Apr 2024 UTC: INFO: BaseDB.py(1346): logParameterChanges db opened
19:56:55 30 Apr 2024 UTC: INFO: BaseDB.py(1384): logParameterChanges db closed
19:56:55 30 Apr 2024 UTC: INFO: Base.py(2170): Skipping flight model due to recovery QUIT_COMMAND
19:56:55 30 Apr 2024 UTC: INFO: Base.py(1363): Extension script /home/jails/uwssc/gliderjail/home/sg194/.post_dive not found
19:56:55 30 Apr 2024 UTC: INFO: Base.py(2221): Starting netcdf load to db
19:56:55 30 Apr 2024 UTC: INFO: Base.py(2233): netcdf load to db done
19:56:55 30 Apr 2024 UTC: INFO: Base.py(2247): Starting per-dive plots
19:56:55 30 Apr 2024 UTC: INFO: BasePlot.py(96): plot_dives db opened
19:56:55 30 Apr 2024 UTC: INFO: BasePlot.py(133): plot_dives db closed
19:56:55 30 Apr 2024 UTC: INFO: Base.py(2252): Per-dive plots complete
19:56:55 30 Apr 2024 UTC: INFO: BaseDotFiles.py(1556): No .extensions file /usr/local/basestation3/etc/.extensions found
19:56:55 30 Apr 2024 UTC: INFO: BaseDotFiles.py(1474): Starting processing on .extensions section(s):('dive',)
19:56:55 30 Apr 2024 UTC: INFO: BaseDotFiles.py(1542): Finished processing on .extensions
19:56:55 30 Apr 2024 UTC: INFO: BaseDotFiles.py(341): No .urls file /usr/local/basestation3/etc/.urls found - skipping pass 1
19:56:55 30 Apr 2024 UTC: INFO: BaseDotFiles.py(266): Starting processing on .urls pass(1)
19:56:55 30 Apr 2024 UTC: INFO: BaseDotFiles.py(331): Finished processing on .urls pass(1)
19:56:55 30 Apr 2024 UTC: INFO: Utils.py(1845): notifying /tmp/sanic-15566-notify.ipc:194-urls-files:{"glider":194,"dive":1,"content":"files=perdive","time":1714507015.3370812}
19:56:55 30 Apr 2024 UTC: INFO: Utils.py(1845): notifying /tmp/sanic-22966-notify.ipc:194-urls-files:{"glider":194,"dive":1,"content":"files=perdive","time":1714507015.3370812}
19:56:55 30 Apr 2024 UTC: INFO: Utils.py(1845): notifying /tmp/sanic-766373-notify.ipc:194-urls-files:{"glider":194,"dive":1,"content":"files=perdive","time":1714507015.3370812}
19:56:55 30 Apr 2024 UTC: INFO: Utils.py(1845): notifying /tmp/sanic-19345-notify.ipc:194-urls-files:{"glider":194,"dive":1,"content":"files=perdive","time":1714507015.3370812}
19:56:55 30 Apr 2024 UTC: INFO: Utils.py(1845): notifying /tmp/sanic-20485-notify.ipc:194-urls-files:{"glider":194,"dive":1,"content":"files=perdive","time":1714507015.3370812}
19:56:55 30 Apr 2024 UTC: INFO: Utils.py(1845): notifying /tmp/sanic-21607-notify.ipc:194-urls-files:{"glider":194,"dive":1,"content":"files=perdive","time":1714507015.3370812}
19:56:55 30 Apr 2024 UTC: INFO: Utils.py(1845): notifying /tmp/sanic-766476-notify.ipc:194-urls-files:{"glider":194,"dive":1,"content":"files=perdive","time":1714507015.3370812}
19:56:55 30 Apr 2024 UTC: INFO: Utils.py(1845): notifying /tmp/sanic-16884-notify.ipc:194-urls-files:{"glider":194,"dive":1,"content":"files=perdive","time":1714507015.3370812}
19:56:55 30 Apr 2024 UTC: INFO: BasePlot.py(159): plot_mission db opened
19:56:55 30 Apr 2024 UTC: INFO: MissionEnergy.py(98): Starting mission_energy None
19:56:55 30 Apr 2024 UTC: INFO: Utils.py(1754): m:0.38958421052631564 b:0.38958421052631576
19:56:55 30 Apr 2024 UTC: INFO: Utils.py(1754): m:0.29571478873239415 b:0.29571478873239426
19:56:55 30 Apr 2024 UTC: ERROR: Could not fetch needed columns:
Traceback (most recent call last):
  File "/opt/basestation/lib/python3.10/site-packages/pandas/core/indexes/range.py", line 345, in get_loc
    return self._range.index(new_key)
ValueError: -1 is not in range

The above exception was the direct cause of the following exception:

Traceback (most recent call last):
  File "/usr/local/basestation3/Plotting/MissionEnergy.py", line 565, in mission_energy
    if fg_df["fg_kJ_used_24V"][-1] is not None:
  File "/opt/basestation/lib/python3.10/site-packages/pandas/core/series.py", line 1007, in __getitem__
    return self._get_value(key)
  File "/opt/basestation/lib/python3.10/site-packages/pandas/core/series.py", line 1116, in _get_value
    loc = self.index.get_loc(label)
  File "/opt/basestation/lib/python3.10/site-packages/pandas/core/indexes/range.py", line 347, in get_loc
    raise KeyError(key) from err
KeyError: -1

19:56:56 30 Apr 2024 UTC: INFO: MissionMotors.py(77): Starting mission_motors
19:56:57 30 Apr 2024 UTC: INFO: MissionIntSensors.py(63): Starting mission_int_sensors
19:56:57 30 Apr 2024 UTC: INFO: MissionMap.py(130): Starting mission_map
19:57:08 30 Apr 2024 UTC: ERROR: mission_profiles:
Traceback (most recent call last):
  File "/usr/local/basestation3/BasePlot.py", line 168, in plot_mission
    fig_list, file_list = plot_func(
  File "/usr/local/basestation3/Plotting/MissionProfiles.py", line 346, in mission_profiles
    out = PlotUtilsPlotly.write_output_files(
  File "/usr/local/basestation3/PlotUtilsPlotly.py", line 190, in write_output_files
    ret_list.append(save_img_file("webp"))
  File "/usr/local/basestation3/PlotUtilsPlotly.py", line 172, in save_img_file
    fig.write_image(
  File "/opt/basestation/lib/python3.10/site-packages/plotly/basedatatypes.py", line 3841, in write_image
    return pio.write_image(self, *args, **kwargs)
  File "/opt/basestation/lib/python3.10/site-packages/plotly/io/_kaleido.py", line 266, in write_image
    img_data = to_image(
  File "/opt/basestation/lib/python3.10/site-packages/plotly/io/_kaleido.py", line 143, in to_image
    img_bytes = scope.transform(
  File "/opt/basestation/lib/python3.10/site-packages/kaleido/scopes/plotly.py", line 161, in transform
    raise ValueError(
ValueError: Transform failed with error code 525: Invalid array length

19:57:09 30 Apr 2024 UTC: INFO: BasePlot.py(204): plot_mission db closed
19:57:09 30 Apr 2024 UTC: INFO: MakeKML.py(1039): Started processing 19:57:09 30 Apr 2024 GMT
19:57:09 30 Apr 2024 UTC: INFO: MakeKML.py(450): Opened /home/jails/uwssc/gliderjail/home/sg194/targets.0.0 for processing
19:57:09 30 Apr 2024 UTC: INFO: MakeKML.py(464): ['NORTH', 'lat=4744.5', 'lon=-12223.75', 'radius=200', 'finish=000', 'goto=SOUTH']
19:57:09 30 Apr 2024 UTC: INFO: MakeKML.py(464): ['SOUTH', 'lat=4743.0', 'lon=-12223.75', 'radius=200', 'finish=180', 'goto=NORTH']
19:57:09 30 Apr 2024 UTC: INFO: MakeKML.py(1756): Finished processing 19:57:09 30 Apr 2024 GMT
19:57:09 30 Apr 2024 UTC: INFO: MakeKML.py(1760): Run time 0.222836 seconds
19:57:09 30 Apr 2024 UTC: INFO: BaseDotFiles.py(1556): No .extensions file /usr/local/basestation3/etc/.extensions found
19:57:09 30 Apr 2024 UTC: INFO: BaseDotFiles.py(1474): Starting processing on .extensions section(s):('global', 'mission')
19:57:09 30 Apr 2024 UTC: INFO: BaseDotFiles.py(1542): Finished processing on .extensions
19:57:09 30 Apr 2024 UTC: INFO: CommLog.py(113): prefix:
19:57:09 30 Apr 2024 UTC: INFO: Base.py(2615): Processing FM_IGNORE
19:57:09 30 Apr 2024 UTC: WARNING: Base.py(2646): ALERT:FM_IGNORE
    WARNING: volmax value ignored. v3 Flight Model does not use this value. Add '% FM_ignore' to sg_calib_constants.m to suppress this warning.
    WARNING: rho0 value ignored. v3 Flight Model does not use this value. Add '% FM_ignore' to sg_calib_constants.m to suppress this warning.
    WARNING: hd_a value ignored. v3 Flight Model does not use this value. Add '% FM_ignore' to sg_calib_constants.m to suppress this warning.
    WARNING: hd_b value ignored. v3 Flight Model does not use this value. Add '% FM_ignore' to sg_calib_constants.m to suppress this warning.
    WARNING: hd_c value ignored. v3 Flight Model does not use this value. Add '% FM_ignore' to sg_calib_constants.m to suppress this warning.
    WARNING: abs_compress value ignored. v3 Flight Model does not use this value. Add '% FM_ignore' to sg_calib_constants.m to suppress this warning.
    WARNING: therm_expan value ignored. v3 Flight Model does not use this value. Add '% FM_ignore' to sg_calib_constants.m to suppress this warning.
    WARNING: temp_ref value ignored. v3 Flight Model does not use this value. Add '% FM_ignore' to sg_calib_constants.m to suppress this warning.
Consult baselog_240430195652 for details.
19:57:09 30 Apr 2024 UTC: INFO: BaseDB.py(1171): addValToDB db opened
19:57:09 30 Apr 2024 UTC: INFO: BaseDB.py(1200): addValToDB db closed
19:57:09 30 Apr 2024 UTC: INFO: Base.py(2698): Processed files msg:
Processing complete as of 19:57:09 30 Apr 2024 GMT
plots/eng_mission_volmax.div
plots/eng_mission_volmax.webp
plots/eng_pitch_roll_motors.div
plots/eng_pitch_roll_motors.webp
plots/eng_vbd_motors.div
plots/eng_vbd_motors.webp
plots/eng_vbd_effic.div
plots/eng_vbd_effic.webp
plots/eng_mission_int_sensors.div
plots/eng_mission_int_sensors.webp
plots/eng_mission_depthangle.div
plots/eng_mission_depthangle.webp
plots/eng_mission_map.webp
plots/eng_mission_commlog.div
plots/eng_mission_commlog.webp
plots/eng_download_stats.div
plots/eng_download_stats.webp
sg194.kmz

19:57:09 30 Apr 2024 UTC: INFO: Base.py(1363): Extension script /home/jails/uwssc/gliderjail/home/sg194/.post_mission not found
19:57:09 30 Apr 2024 UTC: INFO: BaseDotFiles.py(401): Starting processing on /usr/local/basestation3/etc/.pagers for  alerts
19:57:09 30 Apr 2024 UTC: INFO: BaseDotFiles.py(409): Processing .pagers line (https://sahale.apl.washington.edu/mattermost/hooks/sg1i1w4wpibg9m8s77e19st14w,slack,gpsddmm)
19:57:09 30 Apr 2024 UTC: INFO: BaseDotFiles.py(414): Using sending function slack
19:57:09 30 Apr 2024 UTC: INFO: BaseDotFiles.py(409): Processing .pagers line (https://sahale.apl.washington.edu/mattermost/hooks/71kp13t63ifummqbhxzniw18go,slack,alerts)
19:57:09 30 Apr 2024 UTC: INFO: BaseDotFiles.py(414): Using sending function slack
19:57:09 30 Apr 2024 UTC: INFO: BaseDotFiles.py(409): Processing .pagers line (https://sahale.apl.washington.edu/mattermost/hooks/5t1u7ab147dstbh5iq79h48spy,slack,critical)
19:57:09 30 Apr 2024 UTC: INFO: BaseDotFiles.py(414): Using sending function slack
19:57:09 30 Apr 2024 UTC: INFO: BaseDotFiles.py(672): Finished processing on /usr/local/basestation3/etc/.pagers
19:57:09 30 Apr 2024 UTC: INFO: BaseDotFiles.py(401): Starting processing on /home/jails/uwssc/gliderjail/home/sg194/.pagers for  alerts
19:57:09 30 Apr 2024 UTC: INFO: BaseDotFiles.py(409): Processing .pagers line (2064539110@tmomail.net,gps,alerts,recov)
19:57:09 30 Apr 2024 UTC: INFO: BaseDotFiles.py(409): Processing .pagers line (7247147343@vtext.com,gps,alerts,recov)
19:57:09 30 Apr 2024 UTC: INFO: BaseDotFiles.py(672): Finished processing on /home/jails/uwssc/gliderjail/home/sg194/.pagers
19:57:09 30 Apr 2024 UTC: INFO: BaseDotFiles.py(401): Starting processing on /usr/local/basestation3/etc/.pagers for  alerts
19:57:09 30 Apr 2024 UTC: INFO: BaseDotFiles.py(409): Processing .pagers line (https://sahale.apl.washington.edu/mattermost/hooks/sg1i1w4wpibg9m8s77e19st14w,slack,gpsddmm)
19:57:09 30 Apr 2024 UTC: INFO: BaseDotFiles.py(414): Using sending function slack
19:57:09 30 Apr 2024 UTC: INFO: BaseDotFiles.py(409): Processing .pagers line (https://sahale.apl.washington.edu/mattermost/hooks/71kp13t63ifummqbhxzniw18go,slack,alerts)
19:57:09 30 Apr 2024 UTC: INFO: BaseDotFiles.py(414): Using sending function slack
19:57:09 30 Apr 2024 UTC: INFO: BaseDotFiles.py(621): Sending ALERTS FROM PROCESSING SG194 to https://sahale.apl.washington.edu/mattermost/hooks/71kp13t63ifummqbhxzniw18go
19:57:09 30 Apr 2024 UTC: INFO: BaseDotFiles.py(108): instrument_id:194 slack_hook_url:https://sahale.apl.washington.edu/mattermost/hooks/71kp13t63ifummqbhxzniw18go subject_line:ALERTS FROM PROCESSING SG194 message_body:ALERT:FM_IGNORE
    WARNING: volmax value ignored. v3 Flight Model does not use this value. Add '% FM_ignore' to sg_calib_constants.m to suppress this warning.
    WARNING: rho0 value ignored. v3 Flight Model does not use this value. Add '% FM_ignore' to sg_calib_constants.m to suppress this warning.
    WARNING: hd_a value ignored. v3 Flight Model does not use this value. Add '% FM_ignore' to sg_calib_constants.m to suppress this warning.
    WARNING: hd_b value ignored. v3 Flight Model does not use this value. Add '% FM_ignore' to sg_calib_constants.m to suppress this warning.
    WARNING: hd_c value ignored. v3 Flight Model does not use this value. Add '% FM_ignore' to sg_calib_constants.m to suppress this warning.
    WARNING: abs_compress value ignored. v3 Flight Model does not use this value. Add '% FM_ignore' to sg_calib_constants.m to suppress this warning.
    WARNING: therm_expan value ignored. v3 Flight Model does not use this value. Add '% FM_ignore' to sg_calib_constants.m to suppress this warning.
    WARNING: temp_ref value ignored. v3 Flight Model does not use this value. Add '% FM_ignore' to sg_calib_constants.m to suppress this warning.
Consult baselog_240430195652 for details.
19:57:09 30 Apr 2024 UTC: INFO: BaseDotFiles.py(409): Processing .pagers line (https://sahale.apl.washington.edu/mattermost/hooks/5t1u7ab147dstbh5iq79h48spy,slack,critical)
19:57:09 30 Apr 2024 UTC: INFO: BaseDotFiles.py(414): Using sending function slack
19:57:09 30 Apr 2024 UTC: INFO: BaseDotFiles.py(672): Finished processing on /usr/local/basestation3/etc/.pagers
19:57:09 30 Apr 2024 UTC: INFO: BaseDotFiles.py(401): Starting processing on /home/jails/uwssc/gliderjail/home/sg194/.pagers for  alerts
19:57:09 30 Apr 2024 UTC: INFO: BaseDotFiles.py(409): Processing .pagers line (2064539110@tmomail.net,gps,alerts,recov)
19:57:09 30 Apr 2024 UTC: INFO: BaseDotFiles.py(621): Sending ALERTS FROM PROCESSING SG194 to 2064539110@tmomail.net
19:57:09 30 Apr 2024 UTC: INFO: BaseDotFiles.py(409): Processing .pagers line (7247147343@vtext.com,gps,alerts,recov)
19:57:09 30 Apr 2024 UTC: INFO: BaseDotFiles.py(621): Sending ALERTS FROM PROCESSING SG194 to 7247147343@vtext.com
19:57:09 30 Apr 2024 UTC: INFO: BaseDotFiles.py(672): Finished processing on /home/jails/uwssc/gliderjail/home/sg194/.pagers
19:57:09 30 Apr 2024 UTC: INFO: BaseDotFiles.py(401): Starting processing on /usr/local/basestation3/etc/.pagers for  alerts comp
19:57:09 30 Apr 2024 UTC: INFO: BaseDotFiles.py(409): Processing .pagers line (https://sahale.apl.washington.edu/mattermost/hooks/sg1i1w4wpibg9m8s77e19st14w,slack,gpsddmm)
19:57:09 30 Apr 2024 UTC: INFO: BaseDotFiles.py(414): Using sending function slack
19:57:09 30 Apr 2024 UTC: INFO: BaseDotFiles.py(409): Processing .pagers line (https://sahale.apl.washington.edu/mattermost/hooks/71kp13t63ifummqbhxzniw18go,slack,alerts)
19:57:09 30 Apr 2024 UTC: INFO: BaseDotFiles.py(414): Using sending function slack
19:57:09 30 Apr 2024 UTC: INFO: BaseDotFiles.py(409): Processing .pagers line (https://sahale.apl.washington.edu/mattermost/hooks/5t1u7ab147dstbh5iq79h48spy,slack,critical)
19:57:09 30 Apr 2024 UTC: INFO: BaseDotFiles.py(414): Using sending function slack
19:57:09 30 Apr 2024 UTC: INFO: BaseDotFiles.py(672): Finished processing on /usr/local/basestation3/etc/.pagers
19:57:09 30 Apr 2024 UTC: INFO: BaseDotFiles.py(401): Starting processing on /home/jails/uwssc/gliderjail/home/sg194/.pagers for  alerts comp
19:57:09 30 Apr 2024 UTC: INFO: BaseDotFiles.py(409): Processing .pagers line (2064539110@tmomail.net,gps,alerts,recov)
19:57:09 30 Apr 2024 UTC: INFO: BaseDotFiles.py(409): Processing .pagers line (7247147343@vtext.com,gps,alerts,recov)
19:57:09 30 Apr 2024 UTC: INFO: BaseDotFiles.py(672): Finished processing on /home/jails/uwssc/gliderjail/home/sg194/.pagers
19:57:09 30 Apr 2024 UTC: INFO: BaseCtrlFiles.py(262): No ctrl file /usr/local/basestation3/etc/pagers.yml found - skipping
19:57:09 30 Apr 2024 UTC: INFO: BaseCtrlFiles.py(262): No ctrl file /home/jails/uwssc/gliderjail/home/sg194/pagers.yml found - skipping
19:57:09 30 Apr 2024 UTC: INFO: BaseCtrlFiles.py(262): No ctrl file /usr/local/basestation3/etc/pagers.yml found - skipping
19:57:09 30 Apr 2024 UTC: INFO: BaseCtrlFiles.py(262): No ctrl file /home/jails/uwssc/gliderjail/home/sg194/pagers.yml found - skipping
19:57:09 30 Apr 2024 UTC: INFO: BaseCtrlFiles.py(262): No ctrl file /usr/local/basestation3/etc/pagers.yml found - skipping
19:57:09 30 Apr 2024 UTC: INFO: BaseCtrlFiles.py(262): No ctrl file /home/jails/uwssc/gliderjail/home/sg194/pagers.yml found - skipping
19:57:09 30 Apr 2024 UTC: INFO: BaseDotFiles.py(1041): Starting processing on .ftp
19:57:09 30 Apr 2024 UTC: INFO: BaseDotFiles.py(1051): No .ftp file /usr/local/basestation3/etc/.ftp file found - skipping .ftp processing
19:57:09 30 Apr 2024 UTC: INFO: BaseDotFiles.py(1061): Finished processing on .ftp
19:57:09 30 Apr 2024 UTC: INFO: BaseDotFiles.py(1041): Starting processing on .sftp
19:57:09 30 Apr 2024 UTC: INFO: BaseDotFiles.py(1051): No .sftp file /usr/local/basestation3/etc/.sftp file found - skipping .sftp processing
19:57:09 30 Apr 2024 UTC: INFO: BaseDotFiles.py(1051): No .sftp file /home/jails/uwssc/gliderjail/home/sg194/.sftp file found - skipping .sftp processing
19:57:09 30 Apr 2024 UTC: INFO: BaseDotFiles.py(1061): Finished processing on .sftp
19:57:09 30 Apr 2024 UTC: INFO: BaseDotFiles.py(1426): Started processing on .mailer
19:57:09 30 Apr 2024 UTC: INFO: BaseDotFiles.py(1438): No .mailer file /usr/local/basestation3/etc/.mailer file found - skipping .mailer processing
19:57:09 30 Apr 2024 UTC: INFO: BaseDotFiles.py(1451): Finished processing on .mailer
19:57:09 30 Apr 2024 UTC: INFO: BaseDotFiles.py(341): No .urls file /usr/local/basestation3/etc/.urls found - skipping pass 2
19:57:09 30 Apr 2024 UTC: INFO: BaseDotFiles.py(266): Starting processing on .urls pass(2)
19:57:09 30 Apr 2024 UTC: INFO: BaseDotFiles.py(331): Finished processing on .urls pass(2)
19:57:09 30 Apr 2024 UTC: INFO: Utils.py(1845): notifying /tmp/sanic-15566-notify.ipc:194-urls-files:{"glider":194,"dive":1,"content":"files=all","time":1714507029.7137}
19:57:09 30 Apr 2024 UTC: INFO: Utils.py(1845): notifying /tmp/sanic-22966-notify.ipc:194-urls-files:{"glider":194,"dive":1,"content":"files=all","time":1714507029.7137}
19:57:09 30 Apr 2024 UTC: INFO: Utils.py(1845): notifying /tmp/sanic-766373-notify.ipc:194-urls-files:{"glider":194,"dive":1,"content":"files=all","time":1714507029.7137}
19:57:09 30 Apr 2024 UTC: INFO: Utils.py(1845): notifying /tmp/sanic-19345-notify.ipc:194-urls-files:{"glider":194,"dive":1,"content":"files=all","time":1714507029.7137}
19:57:09 30 Apr 2024 UTC: INFO: Utils.py(1845): notifying /tmp/sanic-20485-notify.ipc:194-urls-files:{"glider":194,"dive":1,"content":"files=all","time":1714507029.7137}
19:57:09 30 Apr 2024 UTC: INFO: Utils.py(1845): notifying /tmp/sanic-21607-notify.ipc:194-urls-files:{"glider":194,"dive":1,"content":"files=all","time":1714507029.7137}
19:57:09 30 Apr 2024 UTC: INFO: Utils.py(1845): notifying /tmp/sanic-766476-notify.ipc:194-urls-files:{"glider":194,"dive":1,"content":"files=all","time":1714507029.7137}
19:57:09 30 Apr 2024 UTC: INFO: Utils.py(1845): notifying /tmp/sanic-16884-notify.ipc:194-urls-files:{"glider":194,"dive":1,"content":"files=all","time":1714507029.7137}
19:57:09 30 Apr 2024 UTC: INFO: BaseDotFiles.py(401): Starting processing on /usr/local/basestation3/etc/.pagers for  errors
19:57:09 30 Apr 2024 UTC: INFO: BaseDotFiles.py(409): Processing .pagers line (https://sahale.apl.washington.edu/mattermost/hooks/sg1i1w4wpibg9m8s77e19st14w,slack,gpsddmm)
19:57:09 30 Apr 2024 UTC: INFO: BaseDotFiles.py(414): Using sending function slack
19:57:09 30 Apr 2024 UTC: INFO: BaseDotFiles.py(409): Processing .pagers line (https://sahale.apl.washington.edu/mattermost/hooks/71kp13t63ifummqbhxzniw18go,slack,alerts)
19:57:09 30 Apr 2024 UTC: INFO: BaseDotFiles.py(414): Using sending function slack
19:57:09 30 Apr 2024 UTC: INFO: BaseDotFiles.py(409): Processing .pagers line (https://sahale.apl.washington.edu/mattermost/hooks/5t1u7ab147dstbh5iq79h48spy,slack,critical)
19:57:09 30 Apr 2024 UTC: INFO: BaseDotFiles.py(414): Using sending function slack
19:57:09 30 Apr 2024 UTC: INFO: BaseDotFiles.py(672): Finished processing on /usr/local/basestation3/etc/.pagers
19:57:09 30 Apr 2024 UTC: INFO: BaseDotFiles.py(401): Starting processing on /home/jails/uwssc/gliderjail/home/sg194/.pagers for  errors
19:57:09 30 Apr 2024 UTC: INFO: BaseDotFiles.py(409): Processing .pagers line (2064539110@tmomail.net,gps,alerts,recov)
19:57:09 30 Apr 2024 UTC: INFO: BaseDotFiles.py(409): Processing .pagers line (7247147343@vtext.com,gps,alerts,recov)
19:57:09 30 Apr 2024 UTC: INFO: BaseDotFiles.py(672): Finished processing on /home/jails/uwssc/gliderjail/home/sg194/.pagers
19:57:09 30 Apr 2024 UTC: INFO: BaseCtrlFiles.py(262): No ctrl file /usr/local/basestation3/etc/pagers.yml found - skipping
19:57:09 30 Apr 2024 UTC: INFO: BaseCtrlFiles.py(262): No ctrl file /home/jails/uwssc/gliderjail/home/sg194/pagers.yml found - skipping
19:57:09 30 Apr 2024 UTC: INFO: Base.py(3001): Finished processing 19:57:09 30 Apr 2024 GMT
