19:41:37 05 Apr 2024 UTC: INFO: BaseLog.py(108): Process id = 1145783
19:41:37 05 Apr 2024 UTC: WARNING: BaseLog.py(111): Config file /home/jails/uwssc/gliderjail/home/sg194/sg194.conf was not found
19:41:37 05 Apr 2024 UTC: INFO: Utils.py(1011): Basestation version: 3.0.2; QC version: 1.12
19:41:37 05 Apr 2024 UTC: INFO: Utils.py(1017): Python version 3.10.10
19:41:37 05 Apr 2024 UTC: INFO: Utils.py(1031): Numpy version 1.25.0
19:41:37 05 Apr 2024 UTC: INFO: Utils.py(1046): Scipy version 1.10.1
19:41:37 05 Apr 2024 UTC: INFO: Utils.py(1066): seawater version 3.3.4
19:41:37 05 Apr 2024 UTC: INFO: Base.py(1474): Invoked with command line [/usr/local/basestation3/Base.py --mission_dir /home/jails/uwssc/gliderjail/home/sg194 --verbose --make_mission_timeseries --daemon --nice 10 --base_log /home/jails/uwssc/gliderjail/home/sg194/baselog_240405194135 --web_file_location=http://iop.apl.washington.edu/seaglider/sg194/current/data --reply_addr=gbs2@uw.edu --config /home/jails/uwssc/gliderjail/home/sg194/sg194.conf --delete_upload_files --magcalfile search --auxmagcalfile search ]
19:41:37 05 Apr 2024 UTC: INFO: Base.py(1476): PID:1146223
19:41:37 05 Apr 2024 UTC: WARNING: CalibConst.py(122): volmax value ignored. v3 Flight Model does not use this value. Add '% FM_ignore' to sg_calib_constants.m to suppress this warning. (Max message count exceeded)
19:41:37 05 Apr 2024 UTC: WARNING: CalibConst.py(122): rho0 value ignored. v3 Flight Model does not use this value. Add '% FM_ignore' to sg_calib_constants.m to suppress this warning. (Max message count exceeded)
19:41:37 05 Apr 2024 UTC: WARNING: CalibConst.py(122): hd_a value ignored. v3 Flight Model does not use this value. Add '% FM_ignore' to sg_calib_constants.m to suppress this warning. (Max message count exceeded)
19:41:37 05 Apr 2024 UTC: WARNING: CalibConst.py(122): hd_b value ignored. v3 Flight Model does not use this value. Add '% FM_ignore' to sg_calib_constants.m to suppress this warning. (Max message count exceeded)
19:41:37 05 Apr 2024 UTC: WARNING: CalibConst.py(122): hd_c value ignored. v3 Flight Model does not use this value. Add '% FM_ignore' to sg_calib_constants.m to suppress this warning. (Max message count exceeded)
19:41:37 05 Apr 2024 UTC: WARNING: CalibConst.py(122): abs_compress value ignored. v3 Flight Model does not use this value. Add '% FM_ignore' to sg_calib_constants.m to suppress this warning. (Max message count exceeded)
19:41:37 05 Apr 2024 UTC: WARNING: CalibConst.py(122): therm_expan value ignored. v3 Flight Model does not use this value. Add '% FM_ignore' to sg_calib_constants.m to suppress this warning. (Max message count exceeded)
19:41:37 05 Apr 2024 UTC: WARNING: CalibConst.py(122): temp_ref value ignored. v3 Flight Model does not use this value. Add '% FM_ignore' to sg_calib_constants.m to suppress this warning. (Max message count exceeded)
19:41:37 05 Apr 2024 UTC: INFO: Base.py(1524): Started processing 19:41:37 05 Apr 2024 GMT
19:41:37 05 Apr 2024 UTC: INFO: Base.py(1567): Instrument ID = 194
19:41:37 05 Apr 2024 UTC: INFO: BaseDotFiles.py(380): Starting processing on /usr/local/basestation3/etc/.pagers for  lategps recov critical drift
19:41:37 05 Apr 2024 UTC: INFO: BaseDotFiles.py(388): Processing .pagers line (https://sahale.apl.washington.edu/mattermost/hooks/sg1i1w4wpibg9m8s77e19st14w,slack,gpsddmm)
19:41:37 05 Apr 2024 UTC: INFO: BaseDotFiles.py(393): Using sending function slack
19:41:37 05 Apr 2024 UTC: INFO: BaseDotFiles.py(388): Processing .pagers line (https://sahale.apl.washington.edu/mattermost/hooks/71kp13t63ifummqbhxzniw18go,slack,alerts)
19:41:37 05 Apr 2024 UTC: INFO: BaseDotFiles.py(393): Using sending function slack
19:41:37 05 Apr 2024 UTC: INFO: BaseDotFiles.py(388): Processing .pagers line (https://sahale.apl.washington.edu/mattermost/hooks/5t1u7ab147dstbh5iq79h48spy,slack,critical)
19:41:37 05 Apr 2024 UTC: INFO: BaseDotFiles.py(393): Using sending function slack
19:41:37 05 Apr 2024 UTC: INFO: CommLog.py(113): prefix:dive:3 calls_made:1 call_cycle:5 
19:41:37 05 Apr 2024 UTC: INFO: BaseDotFiles.py(632): Finished processing on /usr/local/basestation3/etc/.pagers
19:41:37 05 Apr 2024 UTC: INFO: BaseDotFiles.py(380): Starting processing on /home/jails/uwssc/gliderjail/home/sg194/.pagers for  lategps recov critical drift
19:41:37 05 Apr 2024 UTC: INFO: BaseDotFiles.py(632): Finished processing on /home/jails/uwssc/gliderjail/home/sg194/.pagers
19:41:37 05 Apr 2024 UTC: INFO: Base.py(1618): Processing comm_merged.log
19:41:37 05 Apr 2024 UTC: INFO: Base.py(1647): Finished processing comm_merged.log
19:41:37 05 Apr 2024 UTC: INFO: Base.py(1765): Processing seaglider selftests
19:41:37 05 Apr 2024 UTC: INFO: Base.py(1801): No new selftests to processed
19:41:37 05 Apr 2024 UTC: INFO: Base.py(1803): Processing pdoscmd.bat logs
19:41:37 05 Apr 2024 UTC: INFO: Base.py(1822): No pdos logfiles found to process
19:41:37 05 Apr 2024 UTC: INFO: Base.py(1829): Processing dive(s)
19:41:37 05 Apr 2024 UTC: WARNING: Base.py(1864): No dives to process
19:41:37 05 Apr 2024 UTC: INFO: Base.py(1932): Dives to process = []
19:41:38 05 Apr 2024 UTC: INFO: Base.py(2014): No dives found to profile
19:41:38 05 Apr 2024 UTC: INFO: Base.py(2040): Backing up /home/jails/uwssc/gliderjail/home/sg194/cmdfile to /home/jails/uwssc/gliderjail/home/sg194/cmdfile.3.5
19:41:38 05 Apr 2024 UTC: INFO: BaseDB.py(1336): logParameterChanges db opened
19:41:38 05 Apr 2024 UTC: INFO: BaseDB.py(1374): logParameterChanges db closed
19:41:38 05 Apr 2024 UTC: INFO: Base.py(2141): Skipping flight model due to recovery QUIT_COMMAND
19:41:38 05 Apr 2024 UTC: INFO: Base.py(1367): Extension script /home/jails/uwssc/gliderjail/home/sg194/.post_dive not found
19:41:38 05 Apr 2024 UTC: INFO: Base.py(2192): Starting netcdf load to db
19:41:38 05 Apr 2024 UTC: INFO: Base.py(2204): netcdf load to db done
19:41:38 05 Apr 2024 UTC: INFO: Base.py(2217): Starting per-dive plots
19:41:38 05 Apr 2024 UTC: INFO: BasePlot.py(96): plot_dives db opened
19:41:38 05 Apr 2024 UTC: INFO: BasePlot.py(130): plot_dives db closed
19:41:38 05 Apr 2024 UTC: INFO: Base.py(2222): Per-dive plots complete
19:41:38 05 Apr 2024 UTC: INFO: BaseDotFiles.py(1477): No .extensions file /usr/local/basestation3/etc/.extensions found
19:41:38 05 Apr 2024 UTC: INFO: BaseDotFiles.py(1400): Starting processing on .extensions section(s):('dive',)
19:41:38 05 Apr 2024 UTC: INFO: BaseDotFiles.py(1468): Finished processing on .extensions
19:41:38 05 Apr 2024 UTC: INFO: BaseDotFiles.py(317): No .urls file /usr/local/basestation3/etc/.urls found - skipping pass 1
19:41:38 05 Apr 2024 UTC: INFO: BaseDotFiles.py(245): Starting processing on .urls pass(1)
19:41:38 05 Apr 2024 UTC: INFO: BaseDotFiles.py(310): Finished processing on .urls pass(1)
19:41:38 05 Apr 2024 UTC: INFO: Utils.py(1845): notifying /tmp/sanic-475-notify.ipc:194-urls-files:{"glider":194,"dive":3,"content":"files=perdive","time":1712346098.1928067}
19:41:38 05 Apr 2024 UTC: INFO: Utils.py(1845): notifying /tmp/sanic-14147-notify.ipc:194-urls-files:{"glider":194,"dive":3,"content":"files=perdive","time":1712346098.1928067}
19:41:38 05 Apr 2024 UTC: INFO: Utils.py(1845): notifying /tmp/sanic-14164-notify.ipc:194-urls-files:{"glider":194,"dive":3,"content":"files=perdive","time":1712346098.1928067}
19:41:38 05 Apr 2024 UTC: INFO: Utils.py(1845): notifying /tmp/sanic-14161-notify.ipc:194-urls-files:{"glider":194,"dive":3,"content":"files=perdive","time":1712346098.1928067}
19:41:38 05 Apr 2024 UTC: INFO: Utils.py(1845): notifying /tmp/sanic-14167-notify.ipc:194-urls-files:{"glider":194,"dive":3,"content":"files=perdive","time":1712346098.1928067}
19:41:38 05 Apr 2024 UTC: INFO: Utils.py(1845): notifying /tmp/sanic-14152-notify.ipc:194-urls-files:{"glider":194,"dive":3,"content":"files=perdive","time":1712346098.1928067}
19:41:38 05 Apr 2024 UTC: INFO: Utils.py(1845): notifying /tmp/sanic-1807961-notify.ipc:194-urls-files:{"glider":194,"dive":3,"content":"files=perdive","time":1712346098.1928067}
19:41:38 05 Apr 2024 UTC: INFO: Utils.py(1845): notifying /tmp/sanic-14158-notify.ipc:194-urls-files:{"glider":194,"dive":3,"content":"files=perdive","time":1712346098.1928067}
19:41:38 05 Apr 2024 UTC: INFO: BasePlot.py(156): plot_mission db opened
19:41:38 05 Apr 2024 UTC: INFO: MissionEnergy.py(98): Starting mission_energy None
19:41:38 05 Apr 2024 UTC: INFO: Utils.py(1754): m:-0.0003000000000002187 b:0.7835684210526319
19:41:38 05 Apr 2024 UTC: INFO: Utils.py(1754): m:-0.0006373239436621228 b:0.5968145539906107
19:41:38 05 Apr 2024 UTC: ERROR: Could not fetch needed columns:
Traceback (most recent call last):
  File "/opt/basestation/lib/python3.10/site-packages/pandas/core/indexes/range.py", line 345, in get_loc
    return self._range.index(new_key)
ValueError: -1 is not in range

The above exception was the direct cause of the following exception:

Traceback (most recent call last):
  File "/usr/local/basestation3/Plotting/MissionEnergy.py", line 565, in mission_energy
    if fg_df["fg_kJ_used_24V"][-1] is not None:
  File "/opt/basestation/lib/python3.10/site-packages/pandas/core/series.py", line 1007, in __getitem__
    return self._get_value(key)
  File "/opt/basestation/lib/python3.10/site-packages/pandas/core/series.py", line 1116, in _get_value
    loc = self.index.get_loc(label)
  File "/opt/basestation/lib/python3.10/site-packages/pandas/core/indexes/range.py", line 347, in get_loc
    raise KeyError(key) from err
KeyError: -1

19:41:39 05 Apr 2024 UTC: INFO: MissionMotors.py(73): Starting mission_motors
19:41:40 05 Apr 2024 UTC: INFO: MissionIntSensors.py(63): Starting mission_int_sensors
19:41:40 05 Apr 2024 UTC: INFO: MissionMap.py(130): Starting mission_map
19:41:51 05 Apr 2024 UTC: ERROR: Unable to open /home/jails/uwssc/gliderjail/home/sg194/sg194_Shilshole_Shakedown_timeseries.nc:
Traceback (most recent call last):
  File "/usr/local/basestation3/Plotting/MissionProfiles.py", line 161, in mission_profiles
    nci = Utils.open_netcdf_file(ncname, "r")
  File "/usr/local/basestation3/Utils.py", line 96, in open_netcdf_file
    ds = netCDF4.Dataset(filename, mode)
  File "src/netCDF4/_netCDF4.pyx", line 2464, in netCDF4._netCDF4.Dataset.__init__
  File "src/netCDF4/_netCDF4.pyx", line 2027, in netCDF4._netCDF4._ensure_nc_success
FileNotFoundError: [Errno 2] No such file or directory: '/home/jails/uwssc/gliderjail/home/sg194/sg194_Shilshole_Shakedown_timeseries.nc'

19:41:51 05 Apr 2024 UTC: INFO: MissionCallStats.py(140): File types found {'sgl', 'sgd', 'stk', 'stl', 'sgk', 'std'}
19:41:52 05 Apr 2024 UTC: INFO: BasePlot.py(196): plot_mission db closed
19:41:52 05 Apr 2024 UTC: INFO: MakeKML.py(1040): Started processing 19:41:52 05 Apr 2024 GMT
19:41:52 05 Apr 2024 UTC: INFO: MakeKML.py(449): Opened /home/jails/uwssc/gliderjail/home/sg194/targets.0 for processing
19:41:52 05 Apr 2024 UTC: INFO: MakeKML.py(463): ['NORTH', 'lat=4744.5', 'lon=-12223.75', 'radius=200', 'finish=000', 'goto=SOUTH']
19:41:52 05 Apr 2024 UTC: INFO: MakeKML.py(463): ['SOUTH', 'lat=4743.0', 'lon=-12223.75', 'radius=200', 'finish=180', 'goto=NORTH']
19:41:52 05 Apr 2024 UTC: INFO: MakeKML.py(1697): Finished processing 19:41:52 05 Apr 2024 GMT
19:41:52 05 Apr 2024 UTC: INFO: MakeKML.py(1701): Run time 0.819829 seconds
19:41:52 05 Apr 2024 UTC: INFO: BaseDotFiles.py(1477): No .extensions file /usr/local/basestation3/etc/.extensions found
19:41:52 05 Apr 2024 UTC: INFO: BaseDotFiles.py(1400): Starting processing on .extensions section(s):('global', 'mission')
19:41:52 05 Apr 2024 UTC: INFO: BaseDotFiles.py(1468): Finished processing on .extensions
19:41:52 05 Apr 2024 UTC: INFO: Base.py(2538): Processing calib const volmax
19:41:52 05 Apr 2024 UTC: INFO: Base.py(2538): Processing calib const rho0
19:41:52 05 Apr 2024 UTC: INFO: Base.py(2538): Processing calib const hd_a
19:41:52 05 Apr 2024 UTC: INFO: Base.py(2538): Processing calib const hd_b
19:41:52 05 Apr 2024 UTC: INFO: Base.py(2538): Processing calib const hd_c
19:41:52 05 Apr 2024 UTC: INFO: Base.py(2538): Processing calib const abs_compress
19:41:52 05 Apr 2024 UTC: INFO: Base.py(2538): Processing calib const therm_expan
19:41:52 05 Apr 2024 UTC: INFO: Base.py(2538): Processing calib const temp_ref
19:41:52 05 Apr 2024 UTC: WARNING: Base.py(2557): ALERT:calib const volmax
    WARNING: CalibConst.py(122): volmax value ignored. v3 Flight Model does not use this value. Add '% FM_ignore' to sg_calib_constants.m to suppress this warning. (Max message count exceeded)
ALERT:calib const rho0
    WARNING: CalibConst.py(122): rho0 value ignored. v3 Flight Model does not use this value. Add '% FM_ignore' to sg_calib_constants.m to suppress this warning. (Max message count exceeded)
ALERT:calib const hd_a
    WARNING: CalibConst.py(122): hd_a value ignored. v3 Flight Model does not use this value. Add '% FM_ignore' to sg_calib_constants.m to suppress this warning. (Max message count exceeded)
ALERT:calib const hd_b
    WARNING: CalibConst.py(122): hd_b value ignored. v3 Flight Model does not use this value. Add '% FM_ignore' to sg_calib_constants.m to suppress this warning. (Max message count exceeded)
ALERT:calib const hd_c
    WARNING: CalibConst.py(122): hd_c value ignored. v3 Flight Model does not use this value. Add '% FM_ignore' to sg_calib_constants.m to suppress this warning. (Max message count exceeded)
ALERT:calib const abs_compress
    WARNING: CalibConst.py(122): abs_compress value ignored. v3 Flight Model does not use this value. Add '% FM_ignore' to sg_calib_constants.m to suppress this warning. (Max message count exceeded)
ALERT:calib const therm_expan
    WARNING: CalibConst.py(122): therm_expan value ignored. v3 Flight Model does not use this value. Add '% FM_ignore' to sg_calib_constants.m to suppress this warning. (Max message count exceeded)
ALERT:calib const temp_ref
    WARNING: CalibConst.py(122): temp_ref value ignored. v3 Flight Model does not use this value. Add '% FM_ignore' to sg_calib_constants.m to suppress this warning. (Max message count exceeded)
Consult baselog_240405194135 for details.
19:41:52 05 Apr 2024 UTC: INFO: BaseDB.py(1169): addValToDB db opened
19:41:52 05 Apr 2024 UTC: INFO: BaseDB.py(1198): addValToDB db closed
19:41:52 05 Apr 2024 UTC: INFO: Base.py(2609): Processed files msg:
Processing complete as of 19:41:52 05 Apr 2024 GMT
plots/eng_mission_volmax.div
plots/eng_mission_volmax.webp
plots/eng_pitch_roll_motors.div
plots/eng_pitch_roll_motors.webp
plots/eng_vbd_motors.div
plots/eng_vbd_motors.webp
plots/eng_vbd_effic.div
plots/eng_vbd_effic.webp
plots/eng_mission_int_sensors.div
plots/eng_mission_int_sensors.webp
plots/eng_mission_depthangle.div
plots/eng_mission_depthangle.webp
plots/eng_mission_map.webp
plots/eng_mission_commlog.div
plots/eng_mission_commlog.webp
plots/eng_download_stats.div
plots/eng_download_stats.webp
sg194.kmz

19:41:52 05 Apr 2024 UTC: INFO: Base.py(1367): Extension script /home/jails/uwssc/gliderjail/home/sg194/.post_mission not found
19:41:52 05 Apr 2024 UTC: INFO: BaseDotFiles.py(380): Starting processing on /usr/local/basestation3/etc/.pagers for  alerts
19:41:52 05 Apr 2024 UTC: INFO: BaseDotFiles.py(388): Processing .pagers line (https://sahale.apl.washington.edu/mattermost/hooks/sg1i1w4wpibg9m8s77e19st14w,slack,gpsddmm)
19:41:52 05 Apr 2024 UTC: INFO: BaseDotFiles.py(393): Using sending function slack
19:41:52 05 Apr 2024 UTC: INFO: BaseDotFiles.py(388): Processing .pagers line (https://sahale.apl.washington.edu/mattermost/hooks/71kp13t63ifummqbhxzniw18go,slack,alerts)
19:41:52 05 Apr 2024 UTC: INFO: BaseDotFiles.py(393): Using sending function slack
19:41:52 05 Apr 2024 UTC: INFO: BaseDotFiles.py(388): Processing .pagers line (https://sahale.apl.washington.edu/mattermost/hooks/5t1u7ab147dstbh5iq79h48spy,slack,critical)
19:41:52 05 Apr 2024 UTC: INFO: BaseDotFiles.py(393): Using sending function slack
19:41:52 05 Apr 2024 UTC: INFO: BaseDotFiles.py(632): Finished processing on /usr/local/basestation3/etc/.pagers
19:41:52 05 Apr 2024 UTC: INFO: BaseDotFiles.py(380): Starting processing on /home/jails/uwssc/gliderjail/home/sg194/.pagers for  alerts
19:41:52 05 Apr 2024 UTC: INFO: BaseDotFiles.py(632): Finished processing on /home/jails/uwssc/gliderjail/home/sg194/.pagers
19:41:52 05 Apr 2024 UTC: INFO: BaseDotFiles.py(380): Starting processing on /usr/local/basestation3/etc/.pagers for  alerts
19:41:52 05 Apr 2024 UTC: INFO: BaseDotFiles.py(388): Processing .pagers line (https://sahale.apl.washington.edu/mattermost/hooks/sg1i1w4wpibg9m8s77e19st14w,slack,gpsddmm)
19:41:52 05 Apr 2024 UTC: INFO: BaseDotFiles.py(393): Using sending function slack
19:41:52 05 Apr 2024 UTC: INFO: BaseDotFiles.py(388): Processing .pagers line (https://sahale.apl.washington.edu/mattermost/hooks/71kp13t63ifummqbhxzniw18go,slack,alerts)
19:41:52 05 Apr 2024 UTC: INFO: BaseDotFiles.py(393): Using sending function slack
19:41:52 05 Apr 2024 UTC: INFO: BaseDotFiles.py(599): Sending ALERTS FROM PROCESSING SG194 to https://sahale.apl.washington.edu/mattermost/hooks/71kp13t63ifummqbhxzniw18go
19:41:52 05 Apr 2024 UTC: INFO: SlackPost.py(59): instrument_id:194 slack_hook_url:https://sahale.apl.washington.edu/mattermost/hooks/71kp13t63ifummqbhxzniw18go subject_line:ALERTS FROM PROCESSING SG194 message_body:ALERT:calib const volmax
    WARNING: CalibConst.py(122): volmax value ignored. v3 Flight Model does not use this value. Add '% FM_ignore' to sg_calib_constants.m to suppress this warning. (Max message count exceeded)
ALERT:calib const rho0
    WARNING: CalibConst.py(122): rho0 value ignored. v3 Flight Model does not use this value. Add '% FM_ignore' to sg_calib_constants.m to suppress this warning. (Max message count exceeded)
ALERT:calib const hd_a
    WARNING: CalibConst.py(122): hd_a value ignored. v3 Flight Model does not use this value. Add '% FM_ignore' to sg_calib_constants.m to suppress this warning. (Max message count exceeded)
ALERT:calib const hd_b
    WARNING: CalibConst.py(122): hd_b value ignored. v3 Flight Model does not use this value. Add '% FM_ignore' to sg_calib_constants.m to suppress this warning. (Max message count exceeded)
ALERT:calib const hd_c
    WARNING: CalibConst.py(122): hd_c value ignored. v3 Flight Model does not use this value. Add '% FM_ignore' to sg_calib_constants.m to suppress this warning. (Max message count exceeded)
ALERT:calib const abs_compress
    WARNING: CalibConst.py(122): abs_compress value ignored. v3 Flight Model does not use this value. Add '% FM_ignore' to sg_calib_constants.m to suppress this warning. (Max message count exceeded)
ALERT:calib const therm_expan
    WARNING: CalibConst.py(122): therm_expan value ignored. v3 Flight Model does not use this value. Add '% FM_ignore' to sg_calib_constants.m to suppress this warning. (Max message count exceeded)
ALERT:calib const temp_ref
    WARNING: CalibConst.py(122): temp_ref value ignored. v3 Flight Model does not use this value. Add '% FM_ignore' to sg_calib_constants.m to suppress this warning. (Max message count exceeded)
Consult baselog_240405194135 for details.
19:41:53 05 Apr 2024 UTC: INFO: BaseDotFiles.py(388): Processing .pagers line (https://sahale.apl.washington.edu/mattermost/hooks/5t1u7ab147dstbh5iq79h48spy,slack,critical)
19:41:53 05 Apr 2024 UTC: INFO: BaseDotFiles.py(393): Using sending function slack
19:41:53 05 Apr 2024 UTC: INFO: BaseDotFiles.py(632): Finished processing on /usr/local/basestation3/etc/.pagers
19:41:53 05 Apr 2024 UTC: INFO: BaseDotFiles.py(380): Starting processing on /home/jails/uwssc/gliderjail/home/sg194/.pagers for  alerts
19:41:53 05 Apr 2024 UTC: INFO: BaseDotFiles.py(632): Finished processing on /home/jails/uwssc/gliderjail/home/sg194/.pagers
19:41:53 05 Apr 2024 UTC: INFO: BaseDotFiles.py(380): Starting processing on /usr/local/basestation3/etc/.pagers for  alerts comp
19:41:53 05 Apr 2024 UTC: INFO: BaseDotFiles.py(388): Processing .pagers line (https://sahale.apl.washington.edu/mattermost/hooks/sg1i1w4wpibg9m8s77e19st14w,slack,gpsddmm)
19:41:53 05 Apr 2024 UTC: INFO: BaseDotFiles.py(393): Using sending function slack
19:41:53 05 Apr 2024 UTC: INFO: BaseDotFiles.py(388): Processing .pagers line (https://sahale.apl.washington.edu/mattermost/hooks/71kp13t63ifummqbhxzniw18go,slack,alerts)
19:41:53 05 Apr 2024 UTC: INFO: BaseDotFiles.py(393): Using sending function slack
19:41:53 05 Apr 2024 UTC: INFO: BaseDotFiles.py(388): Processing .pagers line (https://sahale.apl.washington.edu/mattermost/hooks/5t1u7ab147dstbh5iq79h48spy,slack,critical)
19:41:53 05 Apr 2024 UTC: INFO: BaseDotFiles.py(393): Using sending function slack
19:41:53 05 Apr 2024 UTC: INFO: BaseDotFiles.py(632): Finished processing on /usr/local/basestation3/etc/.pagers
19:41:53 05 Apr 2024 UTC: INFO: BaseDotFiles.py(380): Starting processing on /home/jails/uwssc/gliderjail/home/sg194/.pagers for  alerts comp
19:41:53 05 Apr 2024 UTC: INFO: BaseDotFiles.py(632): Finished processing on /home/jails/uwssc/gliderjail/home/sg194/.pagers
19:41:53 05 Apr 2024 UTC: INFO: BaseDotFiles.py(990): Starting processing on .ftp
19:41:53 05 Apr 2024 UTC: INFO: BaseDotFiles.py(1009): Finished processing on .ftp
19:41:53 05 Apr 2024 UTC: INFO: BaseDotFiles.py(987): No .sftp file found - skipping .sftp processing
19:41:53 05 Apr 2024 UTC: INFO: BaseDotFiles.py(1026): Starting processing on .mailer
19:41:53 05 Apr 2024 UTC: INFO: BaseDotFiles.py(1377): Finished processing on .mailer
19:41:53 05 Apr 2024 UTC: INFO: BaseDotFiles.py(317): No .urls file /usr/local/basestation3/etc/.urls found - skipping pass 2
19:41:53 05 Apr 2024 UTC: INFO: BaseDotFiles.py(245): Starting processing on .urls pass(2)
19:41:53 05 Apr 2024 UTC: INFO: BaseDotFiles.py(310): Finished processing on .urls pass(2)
19:41:53 05 Apr 2024 UTC: INFO: Utils.py(1845): notifying /tmp/sanic-475-notify.ipc:194-urls-files:{"glider":194,"dive":3,"content":"files=all","time":1712346113.2691028}
19:41:53 05 Apr 2024 UTC: INFO: Utils.py(1845): notifying /tmp/sanic-14147-notify.ipc:194-urls-files:{"glider":194,"dive":3,"content":"files=all","time":1712346113.2691028}
19:41:53 05 Apr 2024 UTC: INFO: Utils.py(1845): notifying /tmp/sanic-14164-notify.ipc:194-urls-files:{"glider":194,"dive":3,"content":"files=all","time":1712346113.2691028}
19:41:53 05 Apr 2024 UTC: INFO: Utils.py(1845): notifying /tmp/sanic-14161-notify.ipc:194-urls-files:{"glider":194,"dive":3,"content":"files=all","time":1712346113.2691028}
19:41:53 05 Apr 2024 UTC: INFO: Utils.py(1845): notifying /tmp/sanic-14167-notify.ipc:194-urls-files:{"glider":194,"dive":3,"content":"files=all","time":1712346113.2691028}
19:41:53 05 Apr 2024 UTC: INFO: Utils.py(1845): notifying /tmp/sanic-14152-notify.ipc:194-urls-files:{"glider":194,"dive":3,"content":"files=all","time":1712346113.2691028}
19:41:53 05 Apr 2024 UTC: INFO: Utils.py(1845): notifying /tmp/sanic-1807961-notify.ipc:194-urls-files:{"glider":194,"dive":3,"content":"files=all","time":1712346113.2691028}
19:41:53 05 Apr 2024 UTC: INFO: Utils.py(1845): notifying /tmp/sanic-14158-notify.ipc:194-urls-files:{"glider":194,"dive":3,"content":"files=all","time":1712346113.2691028}
19:41:53 05 Apr 2024 UTC: INFO: Base.py(2875): Finished processing 19:41:53 05 Apr 2024 GMT
